{"meta": {"format": 3, "version": "7.13.0", "timestamp": "2025-12-18T22:21:18.173582", "branch_coverage": false, "show_contexts": false}, "files": {"src/moss/synthesis/__init__.py": {"executed_lines": [1, 43, 54, 55, 66, 73, 81, 89, 90, 91, 103], "summary": {"covered_lines": 10, "num_statements": 10, "percent_covered": 100.0, "percent_covered_display": "100", "missing_lines": 0, "excluded_lines": 0, "percent_statements_covered": 100.0, "percent_statements_covered_display": "100"}, "missing_lines": [], "excluded_lines": [], "functions": {"": {"executed_lines": [1, 43, 54, 55, 66, 73, 81, 89, 90, 91, 103], "summary": {"covered_lines": 10, "num_statements": 10, "percent_covered": 100.0, "percent_covered_display": "100", "missing_lines": 0, "excluded_lines": 0, "percent_statements_covered": 100.0, "percent_statements_covered_display": "100"}, "missing_lines": [], "excluded_lines": []}}, "classes": {"": {"executed_lines": [1, 43, 54, 55, 66, 73, 81, 89, 90, 91, 103], "summary": {"covered_lines": 10, "num_statements": 10, "percent_covered": 100.0, "percent_covered_display": "100", "missing_lines": 0, "excluded_lines": 0, "percent_statements_covered": 100.0, "percent_statements_covered_display": "100"}, "missing_lines": [], "excluded_lines": []}}}, "src/moss/synthesis/cache.py": {"executed_lines": [1, 9, 11, 12, 13, 14, 15, 17, 20, 21, 22, 24, 25, 26, 27, 28, 30, 32, 33, 34, 36, 38, 39, 40, 43, 44, 53, 60, 61, 62, 65, 66, 68, 70, 71, 73, 78, 80, 81, 82, 84, 85, 86, 87, 89, 90, 92, 106, 107, 109, 114, 117, 118, 122, 124, 128, 129, 130, 132, 134, 135, 136, 138, 139, 141, 142, 144, 145, 147, 156, 157, 165, 172, 174, 185, 186, 188, 197, 198, 201, 202, 210, 212, 219, 225, 226, 228, 236, 237, 240, 241, 243, 245, 251, 253, 254, 256, 263, 264, 268, 269, 270, 273, 276, 277, 278, 281, 284, 285, 286, 289, 292, 293, 294, 297, 299, 300, 301, 302, 303, 304, 307, 309], "summary": {"covered_lines": 117, "num_statements": 118, "percent_covered": 99.15254237288136, "percent_covered_display": "99", "missing_lines": 1, "excluded_lines": 0, "percent_statements_covered": 99.15254237288136, "percent_statements_covered_display": "99"}, "missing_lines": [119], "excluded_lines": [], "functions": {"CacheEntry.is_expired": {"executed_lines": [32, 33, 34], "summary": {"covered_lines": 3, "num_statements": 3, "percent_covered": 100.0, "percent_covered_display": "100", "missing_lines": 0, "excluded_lines": 0, "percent_statements_covered": 100.0, "percent_statements_covered_display": "100"}, "missing_lines": [], "excluded_lines": []}, "CacheEntry.access": {"executed_lines": [38, 39, 40], "summary": {"covered_lines": 3, "num_statements": 3, "percent_covered": 100.0, "percent_covered_display": "100", "missing_lines": 0, "excluded_lines": 0, "percent_statements_covered": 100.0, "percent_statements_covered_display": "100"}, "missing_lines": [], "excluded_lines": []}, "SynthesisCache.__init__": {"executed_lines": [60, 61, 62, 65, 66], "summary": {"covered_lines": 5, "num_statements": 5, "percent_covered": 100.0, "percent_covered_display": "100", "missing_lines": 0, "excluded_lines": 0, "percent_statements_covered": 100.0, "percent_statements_covered_display": "100"}, "missing_lines": [], "excluded_lines": []}, "SynthesisCache._make_key": {"executed_lines": [70, 71], "summary": {"covered_lines": 2, "num_statements": 2, "percent_covered": 100.0, "percent_covered_display": "100", "missing_lines": 0, "excluded_lines": 0, "percent_statements_covered": 100.0, "percent_statements_covered_display": "100"}, "missing_lines": [], "excluded_lines": []}, "SynthesisCache.get": {"executed_lines": [78, 80, 81, 82, 84, 85, 86, 87, 89, 90], "summary": {"covered_lines": 10, "num_statements": 10, "percent_covered": 100.0, "percent_covered_display": "100", "missing_lines": 0, "excluded_lines": 0, "percent_statements_covered": 100.0, "percent_statements_covered_display": "100"}, "missing_lines": [], "excluded_lines": []}, "SynthesisCache.set": {"executed_lines": [106, 107, 109], "summary": {"covered_lines": 3, "num_statements": 3, "percent_covered": 100.0, "percent_covered_display": "100", "missing_lines": 0, "excluded_lines": 0, "percent_statements_covered": 100.0, "percent_statements_covered_display": "100"}, "missing_lines": [], "excluded_lines": []}, "SynthesisCache._evict_lru": {"executed_lines": [117, 118, 122, 124, 128, 129, 130], "summary": {"covered_lines": 7, "num_statements": 8, "percent_covered": 87.5, "percent_covered_display": "88", "missing_lines": 1, "excluded_lines": 0, "percent_statements_covered": 87.5, "percent_statements_covered_display": "88"}, "missing_lines": [119], "excluded_lines": []}, "SynthesisCache.clear": {"executed_lines": [134, 135, 136], "summary": {"covered_lines": 3, "num_statements": 3, "percent_covered": 100.0, "percent_covered_display": "100", "missing_lines": 0, "excluded_lines": 0, "percent_statements_covered": 100.0, "percent_statements_covered_display": "100"}, "missing_lines": [], "excluded_lines": []}, "SynthesisCache.hit_rate": {"executed_lines": [141, 142], "summary": {"covered_lines": 2, "num_statements": 2, "percent_covered": 100.0, "percent_covered_display": "100", "missing_lines": 0, "excluded_lines": 0, "percent_statements_covered": 100.0, "percent_statements_covered_display": "100"}, "missing_lines": [], "excluded_lines": []}, "SynthesisCache.stats": {"executed_lines": [147], "summary": {"covered_lines": 1, "num_statements": 1, "percent_covered": 100.0, "percent_covered_display": "100", "missing_lines": 0, "excluded_lines": 0, "percent_statements_covered": 100.0, "percent_statements_covered_display": "100"}, "missing_lines": [], "excluded_lines": []}, "ExecutionResultCache.cache_key": {"executed_lines": [172], "summary": {"covered_lines": 1, "num_statements": 1, "percent_covered": 100.0, "percent_covered_display": "100", "missing_lines": 0, "excluded_lines": 0, "percent_statements_covered": 100.0, "percent_statements_covered_display": "100"}, "missing_lines": [], "excluded_lines": []}, "ExecutionResultCache.get_test_result": {"executed_lines": [185, 186], "summary": {"covered_lines": 2, "num_statements": 2, "percent_covered": 100.0, "percent_covered_display": "100", "missing_lines": 0, "excluded_lines": 0, "percent_statements_covered": 100.0, "percent_statements_covered_display": "100"}, "missing_lines": [], "excluded_lines": []}, "ExecutionResultCache.cache_test_result": {"executed_lines": [197, 198], "summary": {"covered_lines": 2, "num_statements": 2, "percent_covered": 100.0, "percent_covered_display": "100", "missing_lines": 0, "excluded_lines": 0, "percent_statements_covered": 100.0, "percent_statements_covered_display": "100"}, "missing_lines": [], "excluded_lines": []}, "SolutionCache.cache_key": {"executed_lines": [212], "summary": {"covered_lines": 1, "num_statements": 1, "percent_covered": 100.0, "percent_covered_display": "100", "missing_lines": 0, "excluded_lines": 0, "percent_statements_covered": 100.0, "percent_statements_covered_display": "100"}, "missing_lines": [], "excluded_lines": []}, "SolutionCache.get_solution": {"executed_lines": [225, 226], "summary": {"covered_lines": 2, "num_statements": 2, "percent_covered": 100.0, "percent_covered_display": "100", "missing_lines": 0, "excluded_lines": 0, "percent_statements_covered": 100.0, "percent_statements_covered_display": "100"}, "missing_lines": [], "excluded_lines": []}, "SolutionCache.cache_solution": {"executed_lines": [236, 237], "summary": {"covered_lines": 2, "num_statements": 2, "percent_covered": 100.0, "percent_covered_display": "100", "missing_lines": 0, "excluded_lines": 0, "percent_statements_covered": 100.0, "percent_statements_covered_display": "100"}, "missing_lines": [], "excluded_lines": []}, "StrategyCache.cache_key": {"executed_lines": [245], "summary": {"covered_lines": 1, "num_statements": 1, "percent_covered": 100.0, "percent_covered_display": "100", "missing_lines": 0, "excluded_lines": 0, "percent_statements_covered": 100.0, "percent_statements_covered_display": "100"}, "missing_lines": [], "excluded_lines": []}, "StrategyCache.get_strategy": {"executed_lines": [253, 254], "summary": {"covered_lines": 2, "num_statements": 2, "percent_covered": 100.0, "percent_covered_display": "100", "missing_lines": 0, "excluded_lines": 0, "percent_statements_covered": 100.0, "percent_statements_covered_display": "100"}, "missing_lines": [], "excluded_lines": []}, "StrategyCache.cache_strategy": {"executed_lines": [263, 264], "summary": {"covered_lines": 2, "num_statements": 2, "percent_covered": 100.0, "percent_covered_display": "100", "missing_lines": 0, "excluded_lines": 0, "percent_statements_covered": 100.0, "percent_statements_covered_display": "100"}, "missing_lines": [], "excluded_lines": []}, "get_test_cache": {"executed_lines": [276, 277, 278], "summary": {"covered_lines": 3, "num_statements": 3, "percent_covered": 100.0, "percent_covered_display": "100", "missing_lines": 0, "excluded_lines": 0, "percent_statements_covered": 100.0, "percent_statements_covered_display": "100"}, "missing_lines": [], "excluded_lines": []}, "get_solution_cache": {"executed_lines": [284, 285, 286], "summary": {"covered_lines": 3, "num_statements": 3, "percent_covered": 100.0, "percent_covered_display": "100", "missing_lines": 0, "excluded_lines": 0, "percent_statements_covered": 100.0, "percent_statements_covered_display": "100"}, "missing_lines": [], "excluded_lines": []}, "get_strategy_cache": {"executed_lines": [292, 293, 294], "summary": {"covered_lines": 3, "num_statements": 3, "percent_covered": 100.0, "percent_covered_display": "100", "missing_lines": 0, "excluded_lines": 0, "percent_statements_covered": 100.0, "percent_statements_covered_display": "100"}, "missing_lines": [], "excluded_lines": []}, "clear_all_caches": {"executed_lines": [299, 300, 301, 302, 303, 304], "summary": {"covered_lines": 6, "num_statements": 6, "percent_covered": 100.0, "percent_covered_display": "100", "missing_lines": 0, "excluded_lines": 0, "percent_statements_covered": 100.0, "percent_statements_covered_display": "100"}, "missing_lines": [], "excluded_lines": []}, "get_cache_stats": {"executed_lines": [309], "summary": {"covered_lines": 1, "num_statements": 1, "percent_covered": 100.0, "percent_covered_display": "100", "missing_lines": 0, "excluded_lines": 0, "percent_statements_covered": 100.0, "percent_statements_covered_display": "100"}, "missing_lines": [], "excluded_lines": []}, "": {"executed_lines": [1, 9, 11, 12, 13, 14, 15, 17, 20, 21, 22, 24, 25, 26, 27, 28, 30, 36, 43, 44, 53, 68, 73, 92, 114, 132, 138, 139, 144, 145, 156, 157, 165, 174, 188, 201, 202, 210, 219, 228, 240, 241, 243, 251, 256, 268, 269, 270, 273, 281, 289, 297, 307], "summary": {"covered_lines": 47, "num_statements": 47, "percent_covered": 100.0, "percent_covered_display": "100", "missing_lines": 0, "excluded_lines": 0, "percent_statements_covered": 100.0, "percent_statements_covered_display": "100"}, "missing_lines": [], "excluded_lines": []}}, "classes": {"CacheEntry": {"executed_lines": [32, 33, 34, 38, 39, 40], "summary": {"covered_lines": 6, "num_statements": 6, "percent_covered": 100.0, "percent_covered_display": "100", "missing_lines": 0, "excluded_lines": 0, "percent_statements_covered": 100.0, "percent_statements_covered_display": "100"}, "missing_lines": [], "excluded_lines": []}, "SynthesisCache": {"executed_lines": [60, 61, 62, 65, 66, 70, 71, 78, 80, 81, 82, 84, 85, 86, 87, 89, 90, 106, 107, 109, 117, 118, 122, 124, 128, 129, 130, 134, 135, 136, 141, 142, 147], "summary": {"covered_lines": 33, "num_statements": 34, "percent_covered": 97.05882352941177, "percent_covered_display": "97", "missing_lines": 1, "excluded_lines": 0, "percent_statements_covered": 97.05882352941177, "percent_statements_covered_display": "97"}, "missing_lines": [119], "excluded_lines": []}, "ExecutionResultCache": {"executed_lines": [172, 185, 186, 197, 198], "summary": {"covered_lines": 5, "num_statements": 5, "percent_covered": 100.0, "percent_covered_display": "100", "missing_lines": 0, "excluded_lines": 0, "percent_statements_covered": 100.0, "percent_statements_covered_display": "100"}, "missing_lines": [], "excluded_lines": []}, "SolutionCache": {"executed_lines": [212, 225, 226, 236, 237], "summary": {"covered_lines": 5, "num_statements": 5, "percent_covered": 100.0, "percent_covered_display": "100", "missing_lines": 0, "excluded_lines": 0, "percent_statements_covered": 100.0, "percent_statements_covered_display": "100"}, "missing_lines": [], "excluded_lines": []}, "StrategyCache": {"executed_lines": [245, 253, 254, 263, 264], "summary": {"covered_lines": 5, "num_statements": 5, "percent_covered": 100.0, "percent_covered_display": "100", "missing_lines": 0, "excluded_lines": 0, "percent_statements_covered": 100.0, "percent_statements_covered_display": "100"}, "missing_lines": [], "excluded_lines": []}, "": {"executed_lines": [1, 9, 11, 12, 13, 14, 15, 17, 20, 21, 22, 24, 25, 26, 27, 28, 30, 36, 43, 44, 53, 68, 73, 92, 114, 132, 138, 139, 144, 145, 156, 157, 165, 174, 188, 201, 202, 210, 219, 228, 240, 241, 243, 251, 256, 268, 269, 270, 273, 276, 277, 278, 281, 284, 285, 286, 289, 292, 293, 294, 297, 299, 300, 301, 302, 303, 304, 307, 309], "summary": {"covered_lines": 63, "num_statements": 63, "percent_covered": 100.0, "percent_covered_display": "100", "missing_lines": 0, "excluded_lines": 0, "percent_statements_covered": 100.0, "percent_statements_covered_display": "100"}, "missing_lines": [], "excluded_lines": []}}}, "src/moss/synthesis/composer.py": {"executed_lines": [1, 7, 9, 10, 12, 16, 17, 23, 24, 25, 29, 30, 50, 51, 57, 58, 59, 61, 72, 73, 76, 77, 80, 81, 82, 83, 84, 90, 91, 96, 97, 98, 100, 109, 112, 113, 116, 117, 118, 119, 120, 122, 125, 126, 131, 132, 133, 135, 147, 151, 152, 154, 155, 158, 159, 160, 162, 163, 164, 165, 167, 169, 170, 171, 172, 175, 178, 179, 180, 183, 184, 185, 186, 189, 191], "summary": {"covered_lines": 69, "num_statements": 73, "percent_covered": 94.52054794520548, "percent_covered_display": "95", "missing_lines": 4, "excluded_lines": 7, "percent_statements_covered": 94.52054794520548, "percent_statements_covered_display": "95"}, "missing_lines": [87, 110, 148, 156], "excluded_lines": [12, 13, 27, 28, 47, 48, 49], "functions": {"Composer.name": {"executed_lines": [], "summary": {"covered_lines": 0, "num_statements": 0, "percent_covered": 100.0, "percent_covered_display": "100", "missing_lines": 0, "excluded_lines": 1, "percent_statements_covered": 100.0, "percent_statements_covered_display": "100"}, "missing_lines": [], "excluded_lines": [27]}, "Composer.compose": {"executed_lines": [], "summary": {"covered_lines": 0, "num_statements": 0, "percent_covered": 100.0, "percent_covered_display": "100", "missing_lines": 0, "excluded_lines": 1, "percent_statements_covered": 100.0, "percent_statements_covered_display": "100"}, "missing_lines": [], "excluded_lines": [47]}, "SequentialComposer.name": {"executed_lines": [59], "summary": {"covered_lines": 1, "num_statements": 1, "percent_covered": 100.0, "percent_covered_display": "100", "missing_lines": 0, "excluded_lines": 0, "percent_statements_covered": 100.0, "percent_statements_covered_display": "100"}, "missing_lines": [], "excluded_lines": []}, "SequentialComposer.compose": {"executed_lines": [72, 73, 76, 77, 80, 81, 82, 83, 84], "summary": {"covered_lines": 9, "num_statements": 10, "percent_covered": 90.0, "percent_covered_display": "90", "missing_lines": 1, "excluded_lines": 0, "percent_statements_covered": 90.0, "percent_statements_covered_display": "90"}, "missing_lines": [87], "excluded_lines": []}, "FunctionComposer.name": {"executed_lines": [98], "summary": {"covered_lines": 1, "num_statements": 1, "percent_covered": 100.0, "percent_covered_display": "100", "missing_lines": 0, "excluded_lines": 0, "percent_statements_covered": 100.0, "percent_statements_covered_display": "100"}, "missing_lines": [], "excluded_lines": []}, "FunctionComposer.compose": {"executed_lines": [109, 112, 113, 116, 122], "summary": {"covered_lines": 5, "num_statements": 6, "percent_covered": 83.33333333333333, "percent_covered_display": "83", "missing_lines": 1, "excluded_lines": 0, "percent_statements_covered": 83.33333333333333, "percent_statements_covered_display": "83"}, "missing_lines": [110], "excluded_lines": []}, "FunctionComposer.compose.composed": {"executed_lines": [117, 118, 119, 120], "summary": {"covered_lines": 4, "num_statements": 4, "percent_covered": 100.0, "percent_covered_display": "100", "missing_lines": 0, "excluded_lines": 0, "percent_statements_covered": 100.0, "percent_statements_covered_display": "100"}, "missing_lines": [], "excluded_lines": []}, "CodeComposer.name": {"executed_lines": [133], "summary": {"covered_lines": 1, "num_statements": 1, "percent_covered": 100.0, "percent_covered_display": "100", "missing_lines": 0, "excluded_lines": 0, "percent_statements_covered": 100.0, "percent_statements_covered_display": "100"}, "missing_lines": [], "excluded_lines": []}, "CodeComposer.compose": {"executed_lines": [147, 151, 152, 154, 155, 158, 159, 160, 162, 163, 164, 165, 167, 169, 170, 171, 172, 175, 178, 179, 180, 183, 184, 185, 186, 189, 191], "summary": {"covered_lines": 27, "num_statements": 29, "percent_covered": 93.10344827586206, "percent_covered_display": "93", "missing_lines": 2, "excluded_lines": 0, "percent_statements_covered": 93.10344827586206, "percent_statements_covered_display": "93"}, "missing_lines": [148, 156], "excluded_lines": []}, "": {"executed_lines": [1, 7, 9, 10, 12, 16, 17, 23, 24, 25, 29, 30, 50, 51, 57, 58, 61, 90, 91, 96, 97, 100, 125, 126, 131, 132, 135], "summary": {"covered_lines": 21, "num_statements": 21, "percent_covered": 100.0, "percent_covered_display": "100", "missing_lines": 0, "excluded_lines": 5, "percent_statements_covered": 100.0, "percent_statements_covered_display": "100"}, "missing_lines": [], "excluded_lines": [12, 13, 28, 48, 49]}}, "classes": {"Composer": {"executed_lines": [], "summary": {"covered_lines": 0, "num_statements": 0, "percent_covered": 100.0, "percent_covered_display": "100", "missing_lines": 0, "excluded_lines": 2, "percent_statements_covered": 100.0, "percent_statements_covered_display": "100"}, "missing_lines": [], "excluded_lines": [27, 47]}, "SequentialComposer": {"executed_lines": [59, 72, 73, 76, 77, 80, 81, 82, 83, 84], "summary": {"covered_lines": 10, "num_statements": 11, "percent_covered": 90.9090909090909, "percent_covered_display": "91", "missing_lines": 1, "excluded_lines": 0, "percent_statements_covered": 90.9090909090909, "percent_statements_covered_display": "91"}, "missing_lines": [87], "excluded_lines": []}, "FunctionComposer": {"executed_lines": [98, 109, 112, 113, 116, 117, 118, 119, 120, 122], "summary": {"covered_lines": 10, "num_statements": 11, "percent_covered": 90.9090909090909, "percent_covered_display": "91", "missing_lines": 1, "excluded_lines": 0, "percent_statements_covered": 90.9090909090909, "percent_statements_covered_display": "91"}, "missing_lines": [110], "excluded_lines": []}, "CodeComposer": {"executed_lines": [133, 147, 151, 152, 154, 155, 158, 159, 160, 162, 163, 164, 165, 167, 169, 170, 171, 172, 175, 178, 179, 180, 183, 184, 185, 186, 189, 191], "summary": {"covered_lines": 28, "num_statements": 30, "percent_covered": 93.33333333333333, "percent_covered_display": "93", "missing_lines": 2, "excluded_lines": 0, "percent_statements_covered": 93.33333333333333, "percent_statements_covered_display": "93"}, "missing_lines": [148, 156], "excluded_lines": []}, "": {"executed_lines": [1, 7, 9, 10, 12, 16, 17, 23, 24, 25, 29, 30, 50, 51, 57, 58, 61, 90, 91, 96, 97, 100, 125, 126, 131, 132, 135], "summary": {"covered_lines": 21, "num_statements": 21, "percent_covered": 100.0, "percent_covered_display": "100", "missing_lines": 0, "excluded_lines": 5, "percent_statements_covered": 100.0, "percent_statements_covered_display": "100"}, "missing_lines": [], "excluded_lines": [12, 13, 28, 48, 49]}}}, "src/moss/synthesis/config.py": {"executed_lines": [1, 42, 44, 45, 46, 48, 49, 52, 53, 54, 56, 57, 58, 60, 69, 70, 71, 73, 74, 75, 77, 86, 87, 88, 90, 93, 95, 103, 104, 105, 107, 108, 109, 111, 120, 121, 122, 128, 129, 130, 131, 132, 135, 136, 137, 138, 140, 152, 166, 167, 225, 226, 245, 246, 248, 251, 256, 261, 266, 271, 276, 283, 288, 293, 298, 303, 314, 319, 362, 367, 372], "summary": {"covered_lines": 64, "num_statements": 174, "percent_covered": 36.7816091954023, "percent_covered_display": "37", "missing_lines": 110, "excluded_lines": 0, "percent_statements_covered": 36.7816091954023, "percent_statements_covered_display": "37"}, "missing_lines": [62, 79, 97, 113, 142, 154, 169, 172, 173, 174, 175, 176, 177, 178, 179, 180, 181, 184, 185, 186, 187, 188, 189, 192, 193, 196, 197, 198, 199, 200, 201, 202, 203, 206, 207, 208, 209, 210, 211, 214, 215, 216, 217, 218, 219, 220, 221, 223, 228, 230, 231, 232, 233, 234, 235, 236, 237, 238, 239, 240, 242, 249, 253, 254, 258, 259, 263, 264, 268, 269, 273, 274, 278, 281, 285, 286, 290, 291, 295, 296, 300, 301, 309, 310, 311, 312, 316, 330, 331, 333, 334, 335, 336, 337, 338, 340, 342, 343, 345, 346, 348, 351, 352, 354, 355, 356, 357, 359, 364, 369], "excluded_lines": [], "functions": {"GeneratorConfig.to_dict": {"executed_lines": [], "summary": {"covered_lines": 0, "num_statements": 1, "percent_covered": 0.0, "percent_covered_display": "0", "missing_lines": 1, "excluded_lines": 0, "percent_statements_covered": 0.0, "percent_statements_covered_display": "0"}, "missing_lines": [62], "excluded_lines": []}, "ValidatorConfig.to_dict": {"executed_lines": [], "summary": {"covered_lines": 0, "num_statements": 1, "percent_covered": 0.0, "percent_covered_display": "0", "missing_lines": 1, "excluded_lines": 0, "percent_statements_covered": 0.0, "percent_statements_covered_display": "0"}, "missing_lines": [79], "excluded_lines": []}, "StrategyConfig.to_dict": {"executed_lines": [], "summary": {"covered_lines": 0, "num_statements": 1, "percent_covered": 0.0, "percent_covered_display": "0", "missing_lines": 1, "excluded_lines": 0, "percent_statements_covered": 0.0, "percent_statements_covered_display": "0"}, "missing_lines": [97], "excluded_lines": []}, "LearningConfig.to_dict": {"executed_lines": [], "summary": {"covered_lines": 0, "num_statements": 1, "percent_covered": 0.0, "percent_covered_display": "0", "missing_lines": 1, "excluded_lines": 0, "percent_statements_covered": 0.0, "percent_statements_covered_display": "0"}, "missing_lines": [113], "excluded_lines": []}, "SynthesisConfigWrapper.build_framework_config": {"executed_lines": [], "summary": {"covered_lines": 0, "num_statements": 1, "percent_covered": 0.0, "percent_covered_display": "0", "missing_lines": 1, "excluded_lines": 0, "percent_statements_covered": 0.0, "percent_statements_covered_display": "0"}, "missing_lines": [142], "excluded_lines": []}, "SynthesisConfigWrapper.to_dict": {"executed_lines": [], "summary": {"covered_lines": 0, "num_statements": 1, "percent_covered": 0.0, "percent_covered_display": "0", "missing_lines": 1, "excluded_lines": 0, "percent_statements_covered": 0.0, "percent_statements_covered_display": "0"}, "missing_lines": [154], "excluded_lines": []}, "SynthesisConfigWrapper.from_dict": {"executed_lines": [], "summary": {"covered_lines": 0, "num_statements": 42, "percent_covered": 0.0, "percent_covered_display": "0", "missing_lines": 42, "excluded_lines": 0, "percent_statements_covered": 0.0, "percent_statements_covered_display": "0"}, "missing_lines": [169, 172, 173, 174, 175, 176, 177, 178, 179, 180, 181, 184, 185, 186, 187, 188, 189, 192, 193, 196, 197, 198, 199, 200, 201, 202, 203, 206, 207, 208, 209, 210, 211, 214, 215, 216, 217, 218, 219, 220, 221, 223], "excluded_lines": []}, "SynthesisConfigWrapper.from_preset": {"executed_lines": [], "summary": {"covered_lines": 0, "num_statements": 13, "percent_covered": 0.0, "percent_covered_display": "0", "missing_lines": 13, "excluded_lines": 0, "percent_statements_covered": 0.0, "percent_statements_covered_display": "0"}, "missing_lines": [228, 230, 231, 232, 233, 234, 235, 236, 237, 238, 239, 240, 242], "excluded_lines": []}, "SynthesisConfigLoader.__init__": {"executed_lines": [], "summary": {"covered_lines": 0, "num_statements": 1, "percent_covered": 0.0, "percent_covered_display": "0", "missing_lines": 1, "excluded_lines": 0, "percent_statements_covered": 0.0, "percent_statements_covered_display": "0"}, "missing_lines": [249], "excluded_lines": []}, "SynthesisConfigLoader.with_preset": {"executed_lines": [], "summary": {"covered_lines": 0, "num_statements": 2, "percent_covered": 0.0, "percent_covered_display": "0", "missing_lines": 2, "excluded_lines": 0, "percent_statements_covered": 0.0, "percent_statements_covered_display": "0"}, "missing_lines": [253, 254], "excluded_lines": []}, "SynthesisConfigLoader.with_iterations": {"executed_lines": [], "summary": {"covered_lines": 0, "num_statements": 2, "percent_covered": 0.0, "percent_covered_display": "0", "missing_lines": 2, "excluded_lines": 0, "percent_statements_covered": 0.0, "percent_statements_covered_display": "0"}, "missing_lines": [258, 259], "excluded_lines": []}, "SynthesisConfigLoader.with_depth": {"executed_lines": [], "summary": {"covered_lines": 0, "num_statements": 2, "percent_covered": 0.0, "percent_covered_display": "0", "missing_lines": 2, "excluded_lines": 0, "percent_statements_covered": 0.0, "percent_statements_covered_display": "0"}, "missing_lines": [263, 264], "excluded_lines": []}, "SynthesisConfigLoader.with_parallel": {"executed_lines": [], "summary": {"covered_lines": 0, "num_statements": 2, "percent_covered": 0.0, "percent_covered_display": "0", "missing_lines": 2, "excluded_lines": 0, "percent_statements_covered": 0.0, "percent_statements_covered_display": "0"}, "missing_lines": [268, 269], "excluded_lines": []}, "SynthesisConfigLoader.with_generators": {"executed_lines": [], "summary": {"covered_lines": 0, "num_statements": 2, "percent_covered": 0.0, "percent_covered_display": "0", "missing_lines": 2, "excluded_lines": 0, "percent_statements_covered": 0.0, "percent_statements_covered_display": "0"}, "missing_lines": [273, 274], "excluded_lines": []}, "SynthesisConfigLoader.with_template_dirs": {"executed_lines": [], "summary": {"covered_lines": 0, "num_statements": 2, "percent_covered": 0.0, "percent_covered_display": "0", "missing_lines": 2, "excluded_lines": 0, "percent_statements_covered": 0.0, "percent_statements_covered_display": "0"}, "missing_lines": [278, 281], "excluded_lines": []}, "SynthesisConfigLoader.with_validators": {"executed_lines": [], "summary": {"covered_lines": 0, "num_statements": 2, "percent_covered": 0.0, "percent_covered_display": "0", "missing_lines": 2, "excluded_lines": 0, "percent_statements_covered": 0.0, "percent_statements_covered_display": "0"}, "missing_lines": [285, 286], "excluded_lines": []}, "SynthesisConfigLoader.with_validation_timeout": {"executed_lines": [], "summary": {"covered_lines": 0, "num_statements": 2, "percent_covered": 0.0, "percent_covered_display": "0", "missing_lines": 2, "excluded_lines": 0, "percent_statements_covered": 0.0, "percent_statements_covered_display": "0"}, "missing_lines": [290, 291], "excluded_lines": []}, "SynthesisConfigLoader.with_validation_retries": {"executed_lines": [], "summary": {"covered_lines": 0, "num_statements": 2, "percent_covered": 0.0, "percent_covered_display": "0", "missing_lines": 2, "excluded_lines": 0, "percent_statements_covered": 0.0, "percent_statements_covered_display": "0"}, "missing_lines": [295, 296], "excluded_lines": []}, "SynthesisConfigLoader.with_strategies": {"executed_lines": [], "summary": {"covered_lines": 0, "num_statements": 2, "percent_covered": 0.0, "percent_covered_display": "0", "missing_lines": 2, "excluded_lines": 0, "percent_statements_covered": 0.0, "percent_statements_covered_display": "0"}, "missing_lines": [300, 301], "excluded_lines": []}, "SynthesisConfigLoader.with_learning": {"executed_lines": [], "summary": {"covered_lines": 0, "num_statements": 4, "percent_covered": 0.0, "percent_covered_display": "0", "missing_lines": 4, "excluded_lines": 0, "percent_statements_covered": 0.0, "percent_statements_covered_display": "0"}, "missing_lines": [309, 310, 311, 312], "excluded_lines": []}, "SynthesisConfigLoader.build": {"executed_lines": [], "summary": {"covered_lines": 0, "num_statements": 1, "percent_covered": 0.0, "percent_covered_display": "0", "missing_lines": 1, "excluded_lines": 0, "percent_statements_covered": 0.0, "percent_statements_covered_display": "0"}, "missing_lines": [316], "excluded_lines": []}, "load_synthesis_config": {"executed_lines": [], "summary": {"covered_lines": 0, "num_statements": 21, "percent_covered": 0.0, "percent_covered_display": "0", "missing_lines": 21, "excluded_lines": 0, "percent_statements_covered": 0.0, "percent_statements_covered_display": "0"}, "missing_lines": [330, 331, 333, 334, 335, 336, 337, 338, 340, 342, 343, 345, 346, 348, 351, 352, 354, 355, 356, 357, 359], "excluded_lines": []}, "get_default_config": {"executed_lines": [], "summary": {"covered_lines": 0, "num_statements": 1, "percent_covered": 0.0, "percent_covered_display": "0", "missing_lines": 1, "excluded_lines": 0, "percent_statements_covered": 0.0, "percent_statements_covered_display": "0"}, "missing_lines": [364], "excluded_lines": []}, "list_available_presets": {"executed_lines": [], "summary": {"covered_lines": 0, "num_statements": 1, "percent_covered": 0.0, "percent_covered_display": "0", "missing_lines": 1, "excluded_lines": 0, "percent_statements_covered": 0.0, "percent_statements_covered_display": "0"}, "missing_lines": [369], "excluded_lines": []}, "": {"executed_lines": [1, 42, 44, 45, 46, 48, 49, 52, 53, 54, 56, 57, 58, 60, 69, 70, 71, 73, 74, 75, 77, 86, 87, 88, 90, 93, 95, 103, 104, 105, 107, 108, 109, 111, 120, 121, 122, 128, 129, 130, 131, 132, 135, 136, 137, 138, 140, 152, 166, 167, 225, 226, 245, 246, 248, 251, 256, 261, 266, 271, 276, 283, 288, 293, 298, 303, 314, 319, 362, 367, 372], "summary": {"covered_lines": 64, "num_statements": 64, "percent_covered": 100.0, "percent_covered_display": "100", "missing_lines": 0, "excluded_lines": 0, "percent_statements_covered": 100.0, "percent_statements_covered_display": "100"}, "missing_lines": [], "excluded_lines": []}}, "classes": {"GeneratorConfig": {"executed_lines": [], "summary": {"covered_lines": 0, "num_statements": 1, "percent_covered": 0.0, "percent_covered_display": "0", "missing_lines": 1, "excluded_lines": 0, "percent_statements_covered": 0.0, "percent_statements_covered_display": "0"}, "missing_lines": [62], "excluded_lines": []}, "ValidatorConfig": {"executed_lines": [], "summary": {"covered_lines": 0, "num_statements": 1, "percent_covered": 0.0, "percent_covered_display": "0", "missing_lines": 1, "excluded_lines": 0, "percent_statements_covered": 0.0, "percent_statements_covered_display": "0"}, "missing_lines": [79], "excluded_lines": []}, "StrategyConfig": {"executed_lines": [], "summary": {"covered_lines": 0, "num_statements": 1, "percent_covered": 0.0, "percent_covered_display": "0", "missing_lines": 1, "excluded_lines": 0, "percent_statements_covered": 0.0, "percent_statements_covered_display": "0"}, "missing_lines": [97], "excluded_lines": []}, "LearningConfig": {"executed_lines": [], "summary": {"covered_lines": 0, "num_statements": 1, "percent_covered": 0.0, "percent_covered_display": "0", "missing_lines": 1, "excluded_lines": 0, "percent_statements_covered": 0.0, "percent_statements_covered_display": "0"}, "missing_lines": [113], "excluded_lines": []}, "SynthesisConfigWrapper": {"executed_lines": [], "summary": {"covered_lines": 0, "num_statements": 57, "percent_covered": 0.0, "percent_covered_display": "0", "missing_lines": 57, "excluded_lines": 0, "percent_statements_covered": 0.0, "percent_statements_covered_display": "0"}, "missing_lines": [142, 154, 169, 172, 173, 174, 175, 176, 177, 178, 179, 180, 181, 184, 185, 186, 187, 188, 189, 192, 193, 196, 197, 198, 199, 200, 201, 202, 203, 206, 207, 208, 209, 210, 211, 214, 215, 216, 217, 218, 219, 220, 221, 223, 228, 230, 231, 232, 233, 234, 235, 236, 237, 238, 239, 240, 242], "excluded_lines": []}, "SynthesisConfigLoader": {"executed_lines": [], "summary": {"covered_lines": 0, "num_statements": 26, "percent_covered": 0.0, "percent_covered_display": "0", "missing_lines": 26, "excluded_lines": 0, "percent_statements_covered": 0.0, "percent_statements_covered_display": "0"}, "missing_lines": [249, 253, 254, 258, 259, 263, 264, 268, 269, 273, 274, 278, 281, 285, 286, 290, 291, 295, 296, 300, 301, 309, 310, 311, 312, 316], "excluded_lines": []}, "": {"executed_lines": [1, 42, 44, 45, 46, 48, 49, 52, 53, 54, 56, 57, 58, 60, 69, 70, 71, 73, 74, 75, 77, 86, 87, 88, 90, 93, 95, 103, 104, 105, 107, 108, 109, 111, 120, 121, 122, 128, 129, 130, 131, 132, 135, 136, 137, 138, 140, 152, 166, 167, 225, 226, 245, 246, 248, 251, 256, 261, 266, 271, 276, 283, 288, 293, 298, 303, 314, 319, 362, 367, 372], "summary": {"covered_lines": 64, "num_statements": 87, "percent_covered": 73.5632183908046, "percent_covered_display": "74", "missing_lines": 23, "excluded_lines": 0, "percent_statements_covered": 73.5632183908046, "percent_statements_covered_display": "74"}, "missing_lines": [330, 331, 333, 334, 335, 336, 337, 338, 340, 342, 343, 345, 346, 348, 351, 352, 354, 355, 356, 357, 359, 364, 369], "excluded_lines": []}}}, "src/moss/synthesis/framework.py": {"executed_lines": [1, 13, 15, 16, 17, 18, 19, 21, 22, 24, 25, 26, 27, 38, 44, 48, 49, 51, 52, 53, 54, 55, 56, 57, 58, 59, 60, 63, 64, 65, 67, 68, 69, 70, 71, 74, 75, 78, 81, 82, 83, 85, 86, 87, 88, 91, 92, 113, 129, 130, 131, 132, 133, 134, 135, 136, 139, 140, 141, 142, 144, 146, 147, 149, 151, 154, 155, 156, 158, 160, 161, 163, 164, 165, 166, 168, 170, 186, 187, 188, 190, 197, 198, 200, 209, 217, 218, 227, 235, 244, 245, 251, 252, 257, 258, 260, 262, 263, 265, 266, 267, 268, 269, 272, 279, 280, 281, 283, 292, 295, 298, 299, 302, 304, 305, 314, 316, 320, 321, 322, 330, 342, 343, 344, 347, 348, 349, 360, 366, 367, 368, 369, 370, 374, 379, 380, 381, 383, 399, 401, 402, 403, 404, 405, 406, 414, 416, 417, 418, 419, 421, 423, 424, 425, 426, 427, 430, 437, 438, 444, 445, 446, 447, 448, 476, 483, 484, 485, 493, 503, 510, 512, 514, 515, 516, 517, 518, 526, 543, 544, 545, 546, 547, 550, 557, 588, 617, 618, 619, 620, 621, 622, 623, 625, 677, 678, 683, 684, 685, 686, 687, 688, 689, 690, 692, 693, 695, 697, 699, 700, 701, 703, 704, 709, 710, 711, 712, 715, 716, 721, 723, 725, 727, 728, 729, 730, 732, 739, 741, 745, 746, 747, 749, 752, 756, 757, 759, 770, 785, 786, 787], "summary": {"covered_lines": 178, "num_statements": 282, "percent_covered": 63.12056737588652, "percent_covered_display": "63", "missing_lines": 104, "excluded_lines": 4, "percent_statements_covered": 63.12056737588652, "percent_statements_covered_display": "63"}, "missing_lines": [264, 270, 293, 294, 296, 309, 311, 312, 313, 315, 323, 345, 346, 350, 351, 354, 355, 356, 357, 358, 359, 371, 372, 373, 382, 384, 385, 390, 392, 400, 428, 449, 451, 460, 461, 462, 464, 472, 486, 501, 511, 519, 549, 559, 560, 562, 563, 564, 565, 566, 568, 569, 570, 571, 578, 579, 582, 583, 584, 595, 596, 600, 601, 603, 605, 606, 607, 609, 610, 611, 612, 614, 615, 616, 624, 633, 636, 637, 639, 640, 642, 650, 651, 656, 657, 658, 659, 662, 665, 668, 691, 694, 696, 702, 713, 714, 722, 724, 726, 740, 742, 743, 744, 748], "excluded_lines": [38, 39, 40, 42], "functions": {"SynthesisFramework.__init__": {"executed_lines": [129, 130, 131, 132, 133, 134, 135, 136, 139, 140, 141, 142], "summary": {"covered_lines": 12, "num_statements": 12, "percent_covered": 100.0, "percent_covered_display": "100", "missing_lines": 0, "excluded_lines": 0, "percent_statements_covered": 100.0, "percent_statements_covered_display": "100"}, "missing_lines": [], "excluded_lines": []}, "SynthesisFramework._ensure_plugins": {"executed_lines": [146, 147, 149, 151, 154, 155, 156, 158, 160, 161, 163, 164, 165, 166, 168], "summary": {"covered_lines": 15, "num_statements": 15, "percent_covered": 100.0, "percent_covered_display": "100", "missing_lines": 0, "excluded_lines": 0, "percent_statements_covered": 100.0, "percent_statements_covered_display": "100"}, "missing_lines": [], "excluded_lines": []}, "SynthesisFramework.synthesize": {"executed_lines": [186, 187, 188, 190, 197, 198, 200, 209, 217, 218, 227], "summary": {"covered_lines": 11, "num_statements": 11, "percent_covered": 100.0, "percent_covered_display": "100", "missing_lines": 0, "excluded_lines": 0, "percent_statements_covered": 100.0, "percent_statements_covered_display": "100"}, "missing_lines": [], "excluded_lines": []}, "SynthesisFramework._synthesize_recursive": {"executed_lines": [244, 245, 251, 252, 257, 258, 260, 262, 263, 265, 266, 267, 268, 269, 272, 279, 280, 281, 283, 292, 295, 298, 299, 302, 304, 305, 314, 316, 320, 321], "summary": {"covered_lines": 23, "num_statements": 33, "percent_covered": 69.6969696969697, "percent_covered_display": "70", "missing_lines": 10, "excluded_lines": 0, "percent_statements_covered": 69.6969696969697, "percent_statements_covered_display": "70"}, "missing_lines": [264, 270, 293, 294, 296, 309, 311, 312, 313, 315], "excluded_lines": []}, "SynthesisFramework._solve_atomic": {"executed_lines": [330, 342, 343, 344, 347, 348, 349, 360, 366, 367, 368, 369, 370, 374, 379, 380, 381, 383, 399, 401, 402, 403, 404], "summary": {"covered_lines": 11, "num_statements": 30, "percent_covered": 36.666666666666664, "percent_covered_display": "37", "missing_lines": 19, "excluded_lines": 0, "percent_statements_covered": 36.666666666666664, "percent_statements_covered_display": "37"}, "missing_lines": [345, 346, 350, 351, 354, 355, 356, 357, 358, 359, 371, 372, 373, 382, 384, 385, 390, 392, 400], "excluded_lines": []}, "SynthesisFramework._solve_subproblems": {"executed_lines": [414, 416, 417, 418, 419, 421, 423, 424, 425, 426, 427, 430, 437, 438, 444, 445, 446, 447, 448, 476, 483, 484], "summary": {"covered_lines": 16, "num_statements": 24, "percent_covered": 66.66666666666667, "percent_covered_display": "67", "missing_lines": 8, "excluded_lines": 0, "percent_statements_covered": 66.66666666666667, "percent_statements_covered_display": "67"}, "missing_lines": [428, 449, 451, 460, 461, 462, 464, 472], "excluded_lines": []}, "SynthesisFramework._compose_and_validate": {"executed_lines": [493, 503, 510, 512, 514, 515, 516, 517], "summary": {"covered_lines": 4, "num_statements": 6, "percent_covered": 66.66666666666667, "percent_covered_display": "67", "missing_lines": 2, "excluded_lines": 0, "percent_statements_covered": 66.66666666666667, "percent_statements_covered_display": "67"}, "missing_lines": [501, 511], "excluded_lines": []}, "SynthesisFramework._validate_with_retry": {"executed_lines": [526, 543, 544, 545, 546, 547, 550, 557, 588, 617, 618, 619, 620, 621, 622, 623, 625, 677, 678], "summary": {"covered_lines": 12, "num_statements": 60, "percent_covered": 20.0, "percent_covered_display": "20", "missing_lines": 48, "excluded_lines": 0, "percent_statements_covered": 20.0, "percent_statements_covered_display": "20"}, "missing_lines": [549, 559, 560, 562, 563, 564, 565, 566, 568, 569, 570, 571, 578, 579, 582, 583, 584, 595, 596, 600, 601, 603, 605, 606, 607, 609, 610, 611, 612, 614, 615, 616, 624, 633, 636, 637, 639, 640, 642, 650, 651, 656, 657, 658, 659, 662, 665, 668], "excluded_lines": []}, "SynthesisFramework._topological_sort": {"executed_lines": [685, 686, 687, 688, 689, 690, 699, 700, 701], "summary": {"covered_lines": 6, "num_statements": 7, "percent_covered": 85.71428571428571, "percent_covered_display": "86", "missing_lines": 1, "excluded_lines": 0, "percent_statements_covered": 85.71428571428571, "percent_statements_covered_display": "86"}, "missing_lines": [702], "excluded_lines": []}, "SynthesisFramework._topological_sort.dfs": {"executed_lines": [692, 693, 695, 697], "summary": {"covered_lines": 4, "num_statements": 7, "percent_covered": 57.142857142857146, "percent_covered_display": "57", "missing_lines": 3, "excluded_lines": 0, "percent_statements_covered": 57.142857142857146, "percent_statements_covered_display": "57"}, "missing_lines": [691, 694, 696], "excluded_lines": []}, "SynthesisFramework._dependency_groups": {"executed_lines": [709, 710, 711, 712, 715, 716, 721, 723, 725, 727, 728, 729, 730], "summary": {"covered_lines": 6, "num_statements": 11, "percent_covered": 54.54545454545455, "percent_covered_display": "55", "missing_lines": 5, "excluded_lines": 0, "percent_statements_covered": 54.54545454545455, "percent_statements_covered_display": "55"}, "missing_lines": [713, 714, 722, 724, 726], "excluded_lines": []}, "SynthesisFramework._extend_context": {"executed_lines": [739, 741], "summary": {"covered_lines": 2, "num_statements": 6, "percent_covered": 33.333333333333336, "percent_covered_display": "33", "missing_lines": 4, "excluded_lines": 0, "percent_statements_covered": 33.333333333333336, "percent_statements_covered_display": "33"}, "missing_lines": [740, 742, 743, 744], "excluded_lines": []}, "SynthesisFramework._emit_event": {"executed_lines": [747, 749, 752, 756], "summary": {"covered_lines": 3, "num_statements": 4, "percent_covered": 75.0, "percent_covered_display": "75", "missing_lines": 1, "excluded_lines": 0, "percent_statements_covered": 75.0, "percent_statements_covered_display": "75"}, "missing_lines": [748], "excluded_lines": []}, "create_synthesis_framework": {"executed_lines": [770, 785, 786, 787], "summary": {"covered_lines": 2, "num_statements": 2, "percent_covered": 100.0, "percent_covered_display": "100", "missing_lines": 0, "excluded_lines": 0, "percent_statements_covered": 100.0, "percent_statements_covered_display": "100"}, "missing_lines": [], "excluded_lines": []}, "": {"executed_lines": [1, 13, 15, 16, 17, 18, 19, 21, 22, 24, 25, 26, 27, 38, 44, 48, 49, 51, 52, 53, 54, 55, 56, 57, 58, 59, 60, 63, 64, 65, 67, 68, 69, 70, 71, 74, 75, 78, 81, 82, 83, 85, 86, 87, 88, 91, 92, 113, 144, 170, 235, 322, 405, 406, 485, 518, 683, 684, 703, 704, 732, 745, 746, 757, 759], "summary": {"covered_lines": 51, "num_statements": 54, "percent_covered": 94.44444444444444, "percent_covered_display": "94", "missing_lines": 3, "excluded_lines": 4, "percent_statements_covered": 94.44444444444444, "percent_statements_covered_display": "94"}, "missing_lines": [323, 486, 519], "excluded_lines": [38, 39, 40, 42]}}, "classes": {"SynthesisEventType": {"executed_lines": [], "summary": {"covered_lines": 0, "num_statements": 0, "percent_covered": 100.0, "percent_covered_display": "100", "missing_lines": 0, "excluded_lines": 0, "percent_statements_covered": 100.0, "percent_statements_covered_display": "100"}, "missing_lines": [], "excluded_lines": []}, "SynthesisConfig": {"executed_lines": [], "summary": {"covered_lines": 0, "num_statements": 0, "percent_covered": 100.0, "percent_covered_display": "100", "missing_lines": 0, "excluded_lines": 0, "percent_statements_covered": 100.0, "percent_statements_covered_display": "100"}, "missing_lines": [], "excluded_lines": []}, "SynthesisState": {"executed_lines": [], "summary": {"covered_lines": 0, "num_statements": 0, "percent_covered": 100.0, "percent_covered_display": "100", "missing_lines": 0, "excluded_lines": 0, "percent_statements_covered": 100.0, "percent_statements_covered_display": "100"}, "missing_lines": [], "excluded_lines": []}, "SynthesisFramework": {"executed_lines": [129, 130, 131, 132, 133, 134, 135, 136, 139, 140, 141, 142, 146, 147, 149, 151, 154, 155, 156, 158, 160, 161, 163, 164, 165, 166, 168, 186, 187, 188, 190, 197, 198, 200, 209, 217, 218, 227, 244, 245, 251, 252, 257, 258, 260, 262, 263, 265, 266, 267, 268, 269, 272, 279, 280, 281, 283, 292, 295, 298, 299, 302, 304, 305, 314, 316, 320, 321, 330, 342, 343, 344, 347, 348, 349, 360, 366, 367, 368, 369, 370, 374, 379, 380, 381, 383, 399, 401, 402, 403, 404, 414, 416, 417, 418, 419, 421, 423, 424, 425, 426, 427, 430, 437, 438, 444, 445, 446, 447, 448, 476, 483, 484, 493, 503, 510, 512, 514, 515, 516, 517, 526, 543, 544, 545, 546, 547, 550, 557, 588, 617, 618, 619, 620, 621, 622, 623, 625, 677, 678, 685, 686, 687, 688, 689, 690, 692, 693, 695, 697, 699, 700, 701, 709, 710, 711, 712, 715, 716, 721, 723, 725, 727, 728, 729, 730, 739, 741, 747, 749, 752, 756], "summary": {"covered_lines": 125, "num_statements": 226, "percent_covered": 55.309734513274336, "percent_covered_display": "55", "missing_lines": 101, "excluded_lines": 0, "percent_statements_covered": 55.309734513274336, "percent_statements_covered_display": "55"}, "missing_lines": [264, 270, 293, 294, 296, 309, 311, 312, 313, 315, 345, 346, 350, 351, 354, 355, 356, 357, 358, 359, 371, 372, 373, 382, 384, 385, 390, 392, 400, 428, 449, 451, 460, 461, 462, 464, 472, 501, 511, 549, 559, 560, 562, 563, 564, 565, 566, 568, 569, 570, 571, 578, 579, 582, 583, 584, 595, 596, 600, 601, 603, 605, 606, 607, 609, 610, 611, 612, 614, 615, 616, 624, 633, 636, 637, 639, 640, 642, 650, 651, 656, 657, 658, 659, 662, 665, 668, 691, 694, 696, 702, 713, 714, 722, 724, 726, 740, 742, 743, 744, 748], "excluded_lines": []}, "": {"executed_lines": [1, 13, 15, 16, 17, 18, 19, 21, 22, 24, 25, 26, 27, 38, 44, 48, 49, 51, 52, 53, 54, 55, 56, 57, 58, 59, 60, 63, 64, 65, 67, 68, 69, 70, 71, 74, 75, 78, 81, 82, 83, 85, 86, 87, 88, 91, 92, 113, 144, 170, 235, 322, 405, 406, 485, 518, 683, 684, 703, 704, 732, 745, 746, 757, 759, 770, 785, 786, 787], "summary": {"covered_lines": 53, "num_statements": 56, "percent_covered": 94.64285714285714, "percent_covered_display": "95", "missing_lines": 3, "excluded_lines": 4, "percent_statements_covered": 94.64285714285714, "percent_statements_covered_display": "95"}, "missing_lines": [323, 486, 519], "excluded_lines": [38, 39, 40, 42]}}}, "src/moss/synthesis/learning.py": {"executed_lines": [1, 17, 19, 20, 21, 22, 24, 34, 50, 53, 54, 55, 56, 59, 60, 62, 63, 64, 65, 67, 68, 69, 72, 73, 76, 77, 78, 80, 83, 86, 87, 90, 91, 94, 95, 98, 99, 102, 103, 105, 108, 119, 121, 122, 125, 126, 127, 129, 130, 131, 132, 133, 134, 136, 139, 147, 148, 149, 151, 152, 153, 154, 155, 158, 159, 160, 162, 163, 164, 165, 167, 168, 170, 172, 174, 175, 177, 179, 187, 188, 199, 205, 206, 207, 208, 212, 228, 231, 240, 241, 242, 245, 246, 247, 248, 249, 252, 254, 264, 266, 267, 268, 270, 271, 274, 275, 277, 291, 292, 295, 296, 297, 299, 302, 303, 305, 306, 307, 309, 310, 311, 314, 315, 318, 319, 321, 335, 339, 342, 344, 346, 360, 363, 364, 365, 366, 369, 371, 373, 379, 393, 395, 396, 397, 401, 404, 407, 408, 409, 412, 415, 418], "summary": {"covered_lines": 147, "num_statements": 151, "percent_covered": 97.35099337748345, "percent_covered_display": "97", "missing_lines": 4, "excluded_lines": 3, "percent_statements_covered": 97.35099337748345, "percent_statements_covered_display": "97"}, "missing_lines": [137, 171, 178, 336], "excluded_lines": [24, 25, 26], "functions": {"extract_features": {"executed_lines": [50, 53, 54, 55, 56, 59, 60, 62, 63, 64, 65, 67, 68, 69, 72, 73, 76, 77, 78, 80, 83, 86, 87, 90, 91, 94, 95, 98, 99, 102, 103, 105], "summary": {"covered_lines": 32, "num_statements": 32, "percent_covered": 100.0, "percent_covered_display": "100", "missing_lines": 0, "excluded_lines": 0, "percent_statements_covered": 100.0, "percent_statements_covered_display": "100"}, "missing_lines": [], "excluded_lines": []}, "feature_similarity": {"executed_lines": [119, 121, 122, 125, 126, 127, 129, 130, 131, 132, 133, 134, 136, 139], "summary": {"covered_lines": 14, "num_statements": 15, "percent_covered": 93.33333333333333, "percent_covered_display": "93", "missing_lines": 1, "excluded_lines": 0, "percent_statements_covered": 93.33333333333333, "percent_statements_covered_display": "93"}, "missing_lines": [137], "excluded_lines": []}, "StrategyStats.success_rate": {"executed_lines": [170, 172], "summary": {"covered_lines": 2, "num_statements": 3, "percent_covered": 66.66666666666667, "percent_covered_display": "67", "missing_lines": 1, "excluded_lines": 0, "percent_statements_covered": 66.66666666666667, "percent_statements_covered_display": "67"}, "missing_lines": [171], "excluded_lines": []}, "StrategyStats.avg_iterations": {"executed_lines": [177, 179], "summary": {"covered_lines": 2, "num_statements": 3, "percent_covered": 66.66666666666667, "percent_covered_display": "67", "missing_lines": 1, "excluded_lines": 0, "percent_statements_covered": 66.66666666666667, "percent_statements_covered_display": "67"}, "missing_lines": [178], "excluded_lines": []}, "StrategyLearner.__init__": {"executed_lines": [205, 206, 207, 208], "summary": {"covered_lines": 4, "num_statements": 4, "percent_covered": 100.0, "percent_covered_display": "100", "missing_lines": 0, "excluded_lines": 0, "percent_statements_covered": 100.0, "percent_statements_covered_display": "100"}, "missing_lines": [], "excluded_lines": []}, "StrategyLearner.record_outcome": {"executed_lines": [228, 231, 240, 241, 242, 245, 246, 247, 248, 249, 252], "summary": {"covered_lines": 11, "num_statements": 11, "percent_covered": 100.0, "percent_covered_display": "100", "missing_lines": 0, "excluded_lines": 0, "percent_statements_covered": 100.0, "percent_statements_covered_display": "100"}, "missing_lines": [], "excluded_lines": []}, "StrategyLearner._update_feature_weights": {"executed_lines": [264, 266, 267, 268, 270, 271, 274, 275], "summary": {"covered_lines": 8, "num_statements": 8, "percent_covered": 100.0, "percent_covered_display": "100", "missing_lines": 0, "excluded_lines": 0, "percent_statements_covered": 100.0, "percent_statements_covered_display": "100"}, "missing_lines": [], "excluded_lines": []}, "StrategyLearner.get_strategy_score": {"executed_lines": [291, 292, 295, 296, 297, 299, 302, 303, 305, 306, 307, 309, 310, 311, 314, 315, 318, 319], "summary": {"covered_lines": 18, "num_statements": 18, "percent_covered": 100.0, "percent_covered_display": "100", "missing_lines": 0, "excluded_lines": 0, "percent_statements_covered": 100.0, "percent_statements_covered_display": "100"}, "missing_lines": [], "excluded_lines": []}, "StrategyLearner.recommend_strategy": {"executed_lines": [335, 339, 342, 344], "summary": {"covered_lines": 4, "num_statements": 5, "percent_covered": 80.0, "percent_covered_display": "80", "missing_lines": 1, "excluded_lines": 0, "percent_statements_covered": 80.0, "percent_statements_covered_display": "80"}, "missing_lines": [336], "excluded_lines": []}, "StrategyLearner.find_similar_problems": {"executed_lines": [360, 363, 364, 365, 366, 369, 371], "summary": {"covered_lines": 7, "num_statements": 7, "percent_covered": 100.0, "percent_covered_display": "100", "missing_lines": 0, "excluded_lines": 0, "percent_statements_covered": 100.0, "percent_statements_covered_display": "100"}, "missing_lines": [], "excluded_lines": []}, "StrategyLearner.get_stats": {"executed_lines": [379], "summary": {"covered_lines": 1, "num_statements": 1, "percent_covered": 100.0, "percent_covered_display": "100", "missing_lines": 0, "excluded_lines": 0, "percent_statements_covered": 100.0, "percent_statements_covered_display": "100"}, "missing_lines": [], "excluded_lines": []}, "StrategyLearner.reset": {"executed_lines": [395, 396, 397], "summary": {"covered_lines": 3, "num_statements": 3, "percent_covered": 100.0, "percent_covered_display": "100", "missing_lines": 0, "excluded_lines": 0, "percent_statements_covered": 100.0, "percent_statements_covered_display": "100"}, "missing_lines": [], "excluded_lines": []}, "get_learner": {"executed_lines": [407, 408, 409], "summary": {"covered_lines": 3, "num_statements": 3, "percent_covered": 100.0, "percent_covered_display": "100", "missing_lines": 0, "excluded_lines": 0, "percent_statements_covered": 100.0, "percent_statements_covered_display": "100"}, "missing_lines": [], "excluded_lines": []}, "reset_learner": {"executed_lines": [415], "summary": {"covered_lines": 1, "num_statements": 1, "percent_covered": 100.0, "percent_covered_display": "100", "missing_lines": 0, "excluded_lines": 0, "percent_statements_covered": 100.0, "percent_statements_covered_display": "100"}, "missing_lines": [], "excluded_lines": []}, "": {"executed_lines": [1, 17, 19, 20, 21, 22, 24, 34, 108, 147, 148, 149, 151, 152, 153, 154, 155, 158, 159, 160, 162, 163, 164, 165, 167, 168, 174, 175, 187, 188, 199, 212, 254, 277, 321, 346, 373, 393, 401, 404, 412, 418], "summary": {"covered_lines": 37, "num_statements": 37, "percent_covered": 100.0, "percent_covered_display": "100", "missing_lines": 0, "excluded_lines": 3, "percent_statements_covered": 100.0, "percent_statements_covered_display": "100"}, "missing_lines": [], "excluded_lines": [24, 25, 26]}}, "classes": {"StrategyOutcome": {"executed_lines": [], "summary": {"covered_lines": 0, "num_statements": 0, "percent_covered": 100.0, "percent_covered_display": "100", "missing_lines": 0, "excluded_lines": 0, "percent_statements_covered": 100.0, "percent_statements_covered_display": "100"}, "missing_lines": [], "excluded_lines": []}, "StrategyStats": {"executed_lines": [170, 172, 177, 179], "summary": {"covered_lines": 4, "num_statements": 6, "percent_covered": 66.66666666666667, "percent_covered_display": "67", "missing_lines": 2, "excluded_lines": 0, "percent_statements_covered": 66.66666666666667, "percent_statements_covered_display": "67"}, "missing_lines": [171, 178], "excluded_lines": []}, "StrategyLearner": {"executed_lines": [205, 206, 207, 208, 228, 231, 240, 241, 242, 245, 246, 247, 248, 249, 252, 264, 266, 267, 268, 270, 271, 274, 275, 291, 292, 295, 296, 297, 299, 302, 303, 305, 306, 307, 309, 310, 311, 314, 315, 318, 319, 335, 339, 342, 344, 360, 363, 364, 365, 366, 369, 371, 379, 395, 396, 397], "summary": {"covered_lines": 56, "num_statements": 57, "percent_covered": 98.24561403508773, "percent_covered_display": "98", "missing_lines": 1, "excluded_lines": 0, "percent_statements_covered": 98.24561403508773, "percent_statements_covered_display": "98"}, "missing_lines": [336], "excluded_lines": []}, "": {"executed_lines": [1, 17, 19, 20, 21, 22, 24, 34, 50, 53, 54, 55, 56, 59, 60, 62, 63, 64, 65, 67, 68, 69, 72, 73, 76, 77, 78, 80, 83, 86, 87, 90, 91, 94, 95, 98, 99, 102, 103, 105, 108, 119, 121, 122, 125, 126, 127, 129, 130, 131, 132, 133, 134, 136, 139, 147, 148, 149, 151, 152, 153, 154, 155, 158, 159, 160, 162, 163, 164, 165, 167, 168, 174, 175, 187, 188, 199, 212, 254, 277, 321, 346, 373, 393, 401, 404, 407, 408, 409, 412, 415, 418], "summary": {"covered_lines": 87, "num_statements": 88, "percent_covered": 98.86363636363636, "percent_covered_display": "99", "missing_lines": 1, "excluded_lines": 3, "percent_statements_covered": 98.86363636363636, "percent_statements_covered_display": "99"}, "missing_lines": [137], "excluded_lines": [24, 25, 26]}}}, "src/moss/synthesis/plugins/__init__.py": {"executed_lines": [1, 19, 34, 42, 49], "summary": {"covered_lines": 4, "num_statements": 4, "percent_covered": 100.0, "percent_covered_display": "100", "missing_lines": 0, "excluded_lines": 0, "percent_statements_covered": 100.0, "percent_statements_covered_display": "100"}, "missing_lines": [], "excluded_lines": [], "functions": {"": {"executed_lines": [1, 19, 34, 42, 49], "summary": {"covered_lines": 4, "num_statements": 4, "percent_covered": 100.0, "percent_covered_display": "100", "missing_lines": 0, "excluded_lines": 0, "percent_statements_covered": 100.0, "percent_statements_covered_display": "100"}, "missing_lines": [], "excluded_lines": []}}, "classes": {"": {"executed_lines": [1, 19, 34, 42, 49], "summary": {"covered_lines": 4, "num_statements": 4, "percent_covered": 100.0, "percent_covered_display": "100", "missing_lines": 0, "excluded_lines": 0, "percent_statements_covered": 100.0, "percent_statements_covered_display": "100"}, "missing_lines": [], "excluded_lines": []}}}, "src/moss/synthesis/plugins/generators/__init__.py": {"executed_lines": [1, 9, 20, 21, 23], "summary": {"covered_lines": 4, "num_statements": 4, "percent_covered": 100.0, "percent_covered_display": "100", "missing_lines": 0, "excluded_lines": 0, "percent_statements_covered": 100.0, "percent_statements_covered_display": "100"}, "missing_lines": [], "excluded_lines": [], "functions": {"": {"executed_lines": [1, 9, 20, 21, 23], "summary": {"covered_lines": 4, "num_statements": 4, "percent_covered": 100.0, "percent_covered_display": "100", "missing_lines": 0, "excluded_lines": 0, "percent_statements_covered": 100.0, "percent_statements_covered_display": "100"}, "missing_lines": [], "excluded_lines": []}}, "classes": {"": {"executed_lines": [1, 9, 20, 21, 23], "summary": {"covered_lines": 4, "num_statements": 4, "percent_covered": 100.0, "percent_covered_display": "100", "missing_lines": 0, "excluded_lines": 0, "percent_statements_covered": 100.0, "percent_statements_covered_display": "100"}, "missing_lines": [], "excluded_lines": []}}}, "src/moss/synthesis/plugins/generators/llm.py": {"executed_lines": [1, 27, 29, 30, 31, 32, 33, 35, 44, 53, 54, 55, 57, 58, 60, 61, 63, 66, 67, 68, 70, 71, 72, 74, 75, 86, 100, 101, 102, 103, 104, 107, 109, 116, 117, 118, 120, 121, 122, 123, 124, 132, 133, 140, 141, 142, 146, 147, 148, 152, 153, 174, 195, 200, 208, 209, 230, 243, 244, 245, 246, 247, 249, 250, 251, 253, 254, 255, 257, 267, 277, 278, 281, 282, 283, 286, 289, 290, 292, 302, 311, 319, 320, 321, 322, 324, 326, 329, 330, 331, 332, 333, 336, 338, 339, 342, 352, 354, 355, 357, 359, 360, 368, 369, 388, 403, 404, 405, 406, 407, 409, 411, 412, 413, 416, 417, 420, 422, 423, 424, 426, 427, 428, 430, 439, 441, 449, 451, 453, 456, 459, 460, 465, 473, 482, 484, 493, 495, 497, 500, 502, 503, 504, 513, 526, 527, 528, 530, 531, 532, 533, 534, 535, 538, 539, 557, 568, 569, 570, 572, 580, 581, 583, 585, 586, 588, 590, 591, 593, 595, 598, 599, 600, 601, 603, 608, 609, 611, 613, 620, 623, 625, 626, 628, 629, 630, 631, 633, 634, 635, 636, 639, 640, 641, 642, 643, 644, 645, 646, 647, 648, 649, 652, 653, 655, 657, 659, 664, 667, 668, 669, 672, 673, 674, 676, 678, 679, 680, 681, 683, 684, 689, 706, 709, 710, 713, 716, 717, 718, 719, 730, 735, 738, 740, 756, 758, 759, 761, 767, 777, 784, 786, 792, 794, 797, 805, 806, 809, 812, 814, 820, 822, 830, 859, 860, 866, 873, 882, 885, 898, 906, 907, 910], "summary": {"covered_lines": 253, "num_statements": 270, "percent_covered": 93.70370370370371, "percent_covered_display": "94", "missing_lines": 17, "excluded_lines": 8, "percent_statements_covered": 93.70370370370371, "percent_statements_covered_display": "94"}, "missing_lines": [187, 193, 323, 415, 450, 452, 454, 494, 496, 498, 687, 711, 757, 779, 780, 781, 782], "excluded_lines": [44, 45, 144, 145, 150, 151, 172, 173], "functions": {"TokenUsage.total_tokens": {"executed_lines": [63], "summary": {"covered_lines": 1, "num_statements": 1, "percent_covered": 100.0, "percent_covered_display": "100", "missing_lines": 0, "excluded_lines": 0, "percent_statements_covered": 100.0, "percent_statements_covered_display": "100"}, "missing_lines": [], "excluded_lines": []}, "LLMCostEstimate.from_model": {"executed_lines": [86, 100, 101, 102, 103, 104, 107, 109], "summary": {"covered_lines": 8, "num_statements": 8, "percent_covered": 100.0, "percent_covered_display": "100", "missing_lines": 0, "excluded_lines": 0, "percent_statements_covered": 100.0, "percent_statements_covered_display": "100"}, "missing_lines": [], "excluded_lines": []}, "LLMProvider.model": {"executed_lines": [], "summary": {"covered_lines": 0, "num_statements": 0, "percent_covered": 100.0, "percent_covered_display": "100", "missing_lines": 0, "excluded_lines": 1, "percent_statements_covered": 100.0, "percent_statements_covered_display": "100"}, "missing_lines": [], "excluded_lines": [144]}, "LLMProvider.supports_streaming": {"executed_lines": [], "summary": {"covered_lines": 0, "num_statements": 0, "percent_covered": 100.0, "percent_covered_display": "100", "missing_lines": 0, "excluded_lines": 1, "percent_statements_covered": 100.0, "percent_statements_covered_display": "100"}, "missing_lines": [], "excluded_lines": [150]}, "LLMProvider.generate": {"executed_lines": [], "summary": {"covered_lines": 0, "num_statements": 0, "percent_covered": 100.0, "percent_covered_display": "100", "missing_lines": 0, "excluded_lines": 1, "percent_statements_covered": 100.0, "percent_statements_covered_display": "100"}, "missing_lines": [], "excluded_lines": [172]}, "LLMProvider.stream": {"executed_lines": [], "summary": {"covered_lines": 0, "num_statements": 2, "percent_covered": 0.0, "percent_covered_display": "0", "missing_lines": 2, "excluded_lines": 0, "percent_statements_covered": 0.0, "percent_statements_covered_display": "0"}, "missing_lines": [187, 193], "excluded_lines": []}, "LLMProvider.estimate_tokens": {"executed_lines": [200], "summary": {"covered_lines": 1, "num_statements": 1, "percent_covered": 100.0, "percent_covered_display": "100", "missing_lines": 0, "excluded_lines": 0, "percent_statements_covered": 100.0, "percent_statements_covered_display": "100"}, "missing_lines": [], "excluded_lines": []}, "MockLLMProvider.__init__": {"executed_lines": [243, 244, 245, 246, 247], "summary": {"covered_lines": 5, "num_statements": 5, "percent_covered": 100.0, "percent_covered_display": "100", "missing_lines": 0, "excluded_lines": 0, "percent_statements_covered": 100.0, "percent_statements_covered_display": "100"}, "missing_lines": [], "excluded_lines": []}, "MockLLMProvider.model": {"executed_lines": [251], "summary": {"covered_lines": 1, "num_statements": 1, "percent_covered": 100.0, "percent_covered_display": "100", "missing_lines": 0, "excluded_lines": 0, "percent_statements_covered": 100.0, "percent_statements_covered_display": "100"}, "missing_lines": [], "excluded_lines": []}, "MockLLMProvider.supports_streaming": {"executed_lines": [255], "summary": {"covered_lines": 1, "num_statements": 1, "percent_covered": 100.0, "percent_covered_display": "100", "missing_lines": 0, "excluded_lines": 0, "percent_statements_covered": 100.0, "percent_statements_covered_display": "100"}, "missing_lines": [], "excluded_lines": []}, "MockLLMProvider.generate": {"executed_lines": [267, 277, 278, 281, 282, 283, 286, 289, 290, 292], "summary": {"covered_lines": 10, "num_statements": 10, "percent_covered": 100.0, "percent_covered_display": "100", "missing_lines": 0, "excluded_lines": 0, "percent_statements_covered": 100.0, "percent_statements_covered_display": "100"}, "missing_lines": [], "excluded_lines": []}, "MockLLMProvider.stream": {"executed_lines": [311, 319, 320, 321, 322, 324], "summary": {"covered_lines": 6, "num_statements": 7, "percent_covered": 85.71428571428571, "percent_covered_display": "86", "missing_lines": 1, "excluded_lines": 0, "percent_statements_covered": 85.71428571428571, "percent_statements_covered_display": "86"}, "missing_lines": [323], "excluded_lines": []}, "MockLLMProvider._generate_placeholder": {"executed_lines": [329, 330, 331, 332, 333, 336, 338, 339, 342], "summary": {"covered_lines": 9, "num_statements": 9, "percent_covered": 100.0, "percent_covered_display": "100", "missing_lines": 0, "excluded_lines": 0, "percent_statements_covered": 100.0, "percent_statements_covered_display": "100"}, "missing_lines": [], "excluded_lines": []}, "MockLLMProvider.reset": {"executed_lines": [354, 355], "summary": {"covered_lines": 2, "num_statements": 2, "percent_covered": 100.0, "percent_covered_display": "100", "missing_lines": 0, "excluded_lines": 0, "percent_statements_covered": 100.0, "percent_statements_covered_display": "100"}, "missing_lines": [], "excluded_lines": []}, "MockLLMProvider.set_responses": {"executed_lines": [359, 360], "summary": {"covered_lines": 2, "num_statements": 2, "percent_covered": 100.0, "percent_covered_display": "100", "missing_lines": 0, "excluded_lines": 0, "percent_statements_covered": 100.0, "percent_statements_covered_display": "100"}, "missing_lines": [], "excluded_lines": []}, "LiteLLMProvider.__init__": {"executed_lines": [403, 404, 405, 406, 407], "summary": {"covered_lines": 5, "num_statements": 5, "percent_covered": 100.0, "percent_covered_display": "100", "missing_lines": 0, "excluded_lines": 0, "percent_statements_covered": 100.0, "percent_statements_covered_display": "100"}, "missing_lines": [], "excluded_lines": []}, "LiteLLMProvider._ensure_litellm": {"executed_lines": [411, 412, 413, 416, 417, 420], "summary": {"covered_lines": 6, "num_statements": 7, "percent_covered": 85.71428571428571, "percent_covered_display": "86", "missing_lines": 1, "excluded_lines": 0, "percent_statements_covered": 85.71428571428571, "percent_statements_covered_display": "86"}, "missing_lines": [415], "excluded_lines": []}, "LiteLLMProvider.model": {"executed_lines": [424], "summary": {"covered_lines": 1, "num_statements": 1, "percent_covered": 100.0, "percent_covered_display": "100", "missing_lines": 0, "excluded_lines": 0, "percent_statements_covered": 100.0, "percent_statements_covered_display": "100"}, "missing_lines": [], "excluded_lines": []}, "LiteLLMProvider.supports_streaming": {"executed_lines": [428], "summary": {"covered_lines": 1, "num_statements": 1, "percent_covered": 100.0, "percent_covered_display": "100", "missing_lines": 0, "excluded_lines": 0, "percent_statements_covered": 100.0, "percent_statements_covered_display": "100"}, "missing_lines": [], "excluded_lines": []}, "LiteLLMProvider.generate": {"executed_lines": [439, 441, 449, 451, 453, 456, 459, 460, 465], "summary": {"covered_lines": 9, "num_statements": 12, "percent_covered": 75.0, "percent_covered_display": "75", "missing_lines": 3, "excluded_lines": 0, "percent_statements_covered": 75.0, "percent_statements_covered_display": "75"}, "missing_lines": [450, 452, 454], "excluded_lines": []}, "LiteLLMProvider.stream": {"executed_lines": [482, 484, 493, 495, 497, 500, 502, 503, 504], "summary": {"covered_lines": 9, "num_statements": 12, "percent_covered": 75.0, "percent_covered_display": "75", "missing_lines": 3, "excluded_lines": 0, "percent_statements_covered": 75.0, "percent_statements_covered_display": "75"}, "missing_lines": [494, 496, 498], "excluded_lines": []}, "LLMGenerator.__init__": {"executed_lines": [568, 569, 570, 572], "summary": {"covered_lines": 4, "num_statements": 4, "percent_covered": 100.0, "percent_covered_display": "100", "missing_lines": 0, "excluded_lines": 0, "percent_statements_covered": 100.0, "percent_statements_covered_display": "100"}, "missing_lines": [], "excluded_lines": []}, "LLMGenerator.metadata": {"executed_lines": [583], "summary": {"covered_lines": 1, "num_statements": 1, "percent_covered": 100.0, "percent_covered_display": "100", "missing_lines": 0, "excluded_lines": 0, "percent_statements_covered": 100.0, "percent_statements_covered_display": "100"}, "missing_lines": [], "excluded_lines": []}, "LLMGenerator.provider": {"executed_lines": [588], "summary": {"covered_lines": 1, "num_statements": 1, "percent_covered": 100.0, "percent_covered_display": "100", "missing_lines": 0, "excluded_lines": 0, "percent_statements_covered": 100.0, "percent_statements_covered_display": "100"}, "missing_lines": [], "excluded_lines": []}, "LLMGenerator.total_cost_usd": {"executed_lines": [593], "summary": {"covered_lines": 1, "num_statements": 1, "percent_covered": 100.0, "percent_covered_display": "100", "missing_lines": 0, "excluded_lines": 0, "percent_statements_covered": 100.0, "percent_statements_covered_display": "100"}, "missing_lines": [], "excluded_lines": []}, "LLMGenerator.can_generate": {"executed_lines": [598, 599, 600, 601, 603, 608, 609, 611], "summary": {"covered_lines": 8, "num_statements": 8, "percent_covered": 100.0, "percent_covered_display": "100", "missing_lines": 0, "excluded_lines": 0, "percent_statements_covered": 100.0, "percent_statements_covered_display": "100"}, "missing_lines": [], "excluded_lines": []}, "LLMGenerator._build_prompt": {"executed_lines": [620, 623, 625, 626, 628, 629, 630, 631, 633, 634, 635, 636, 639, 640, 641, 642, 643, 644, 645, 646, 647, 648, 649, 652, 653, 655, 657], "summary": {"covered_lines": 27, "num_statements": 27, "percent_covered": 100.0, "percent_covered_display": "100", "missing_lines": 0, "excluded_lines": 0, "percent_statements_covered": 100.0, "percent_statements_covered_display": "100"}, "missing_lines": [], "excluded_lines": []}, "LLMGenerator._extract_code": {"executed_lines": [664, 667, 668, 669, 672, 673, 674, 676, 678, 679, 680, 681, 683, 684], "summary": {"covered_lines": 14, "num_statements": 15, "percent_covered": 93.33333333333333, "percent_covered_display": "93", "missing_lines": 1, "excluded_lines": 0, "percent_statements_covered": 93.33333333333333, "percent_statements_covered_display": "93"}, "missing_lines": [687], "excluded_lines": []}, "LLMGenerator.generate": {"executed_lines": [706, 709, 710, 713, 716, 717, 718, 719, 730, 735, 738, 740, 756, 758, 759, 761], "summary": {"covered_lines": 16, "num_statements": 18, "percent_covered": 88.88888888888889, "percent_covered_display": "89", "missing_lines": 2, "excluded_lines": 0, "percent_statements_covered": 88.88888888888889, "percent_statements_covered_display": "89"}, "missing_lines": [711, 757], "excluded_lines": []}, "LLMGenerator.generate_stream": {"executed_lines": [777, 784, 786, 792], "summary": {"covered_lines": 4, "num_statements": 8, "percent_covered": 50.0, "percent_covered_display": "50", "missing_lines": 4, "excluded_lines": 0, "percent_statements_covered": 50.0, "percent_statements_covered_display": "50"}, "missing_lines": [779, 780, 781, 782], "excluded_lines": []}, "LLMGenerator.estimate_cost": {"executed_lines": [797, 805, 806, 809, 812, 814], "summary": {"covered_lines": 6, "num_statements": 6, "percent_covered": 100.0, "percent_covered_display": "100", "missing_lines": 0, "excluded_lines": 0, "percent_statements_covered": 100.0, "percent_statements_covered_display": "100"}, "missing_lines": [], "excluded_lines": []}, "LLMGenerator.reset_cost_tracking": {"executed_lines": [822], "summary": {"covered_lines": 1, "num_statements": 1, "percent_covered": 100.0, "percent_covered_display": "100", "missing_lines": 0, "excluded_lines": 0, "percent_statements_covered": 100.0, "percent_statements_covered_display": "100"}, "missing_lines": [], "excluded_lines": []}, "create_llm_generator": {"executed_lines": [859, 860, 866, 873, 882], "summary": {"covered_lines": 5, "num_statements": 5, "percent_covered": 100.0, "percent_covered_display": "100", "missing_lines": 0, "excluded_lines": 0, "percent_statements_covered": 100.0, "percent_statements_covered_display": "100"}, "missing_lines": [], "excluded_lines": []}, "create_mock_generator": {"executed_lines": [898], "summary": {"covered_lines": 1, "num_statements": 1, "percent_covered": 100.0, "percent_covered_display": "100", "missing_lines": 0, "excluded_lines": 0, "percent_statements_covered": 100.0, "percent_statements_covered_display": "100"}, "missing_lines": [], "excluded_lines": []}, "": {"executed_lines": [1, 27, 29, 30, 31, 32, 33, 35, 44, 53, 54, 55, 57, 58, 60, 61, 66, 67, 68, 70, 71, 72, 74, 75, 116, 117, 118, 120, 121, 122, 123, 124, 132, 133, 140, 141, 142, 146, 147, 148, 152, 153, 174, 195, 208, 209, 230, 249, 250, 253, 254, 257, 302, 326, 352, 357, 368, 369, 388, 409, 422, 423, 426, 427, 430, 473, 513, 526, 527, 528, 530, 531, 532, 533, 534, 535, 538, 539, 557, 580, 581, 585, 586, 590, 591, 595, 613, 659, 689, 767, 794, 820, 830, 885, 906, 907, 910], "summary": {"covered_lines": 87, "num_statements": 87, "percent_covered": 100.0, "percent_covered_display": "100", "missing_lines": 0, "excluded_lines": 5, "percent_statements_covered": 100.0, "percent_statements_covered_display": "100"}, "missing_lines": [], "excluded_lines": [44, 45, 145, 151, 173]}}, "classes": {"TokenUsage": {"executed_lines": [63], "summary": {"covered_lines": 1, "num_statements": 1, "percent_covered": 100.0, "percent_covered_display": "100", "missing_lines": 0, "excluded_lines": 0, "percent_statements_covered": 100.0, "percent_statements_covered_display": "100"}, "missing_lines": [], "excluded_lines": []}, "LLMCostEstimate": {"executed_lines": [86, 100, 101, 102, 103, 104, 107, 109], "summary": {"covered_lines": 8, "num_statements": 8, "percent_covered": 100.0, "percent_covered_display": "100", "missing_lines": 0, "excluded_lines": 0, "percent_statements_covered": 100.0, "percent_statements_covered_display": "100"}, "missing_lines": [], "excluded_lines": []}, "LLMResponse": {"executed_lines": [], "summary": {"covered_lines": 0, "num_statements": 0, "percent_covered": 100.0, "percent_covered_display": "100", "missing_lines": 0, "excluded_lines": 0, "percent_statements_covered": 100.0, "percent_statements_covered_display": "100"}, "missing_lines": [], "excluded_lines": []}, "LLMProvider": {"executed_lines": [200], "summary": {"covered_lines": 1, "num_statements": 3, "percent_covered": 33.333333333333336, "percent_covered_display": "33", "missing_lines": 2, "excluded_lines": 3, "percent_statements_covered": 33.333333333333336, "percent_statements_covered_display": "33"}, "missing_lines": [187, 193], "excluded_lines": [144, 150, 172]}, "MockLLMProvider": {"executed_lines": [243, 244, 245, 246, 247, 251, 255, 267, 277, 278, 281, 282, 283, 286, 289, 290, 292, 311, 319, 320, 321, 322, 324, 329, 330, 331, 332, 333, 336, 338, 339, 342, 354, 355, 359, 360], "summary": {"covered_lines": 36, "num_statements": 37, "percent_covered": 97.29729729729729, "percent_covered_display": "97", "missing_lines": 1, "excluded_lines": 0, "percent_statements_covered": 97.29729729729729, "percent_statements_covered_display": "97"}, "missing_lines": [323], "excluded_lines": []}, "LiteLLMProvider": {"executed_lines": [403, 404, 405, 406, 407, 411, 412, 413, 416, 417, 420, 424, 428, 439, 441, 449, 451, 453, 456, 459, 460, 465, 482, 484, 493, 495, 497, 500, 502, 503, 504], "summary": {"covered_lines": 31, "num_statements": 38, "percent_covered": 81.57894736842105, "percent_covered_display": "82", "missing_lines": 7, "excluded_lines": 0, "percent_statements_covered": 81.57894736842105, "percent_statements_covered_display": "82"}, "missing_lines": [415, 450, 452, 454, 494, 496, 498], "excluded_lines": []}, "LLMGeneratorConfig": {"executed_lines": [], "summary": {"covered_lines": 0, "num_statements": 0, "percent_covered": 100.0, "percent_covered_display": "100", "missing_lines": 0, "excluded_lines": 0, "percent_statements_covered": 100.0, "percent_statements_covered_display": "100"}, "missing_lines": [], "excluded_lines": []}, "LLMGenerator": {"executed_lines": [568, 569, 570, 572, 583, 588, 593, 598, 599, 600, 601, 603, 608, 609, 611, 620, 623, 625, 626, 628, 629, 630, 631, 633, 634, 635, 636, 639, 640, 641, 642, 643, 644, 645, 646, 647, 648, 649, 652, 653, 655, 657, 664, 667, 668, 669, 672, 673, 674, 676, 678, 679, 680, 681, 683, 684, 706, 709, 710, 713, 716, 717, 718, 719, 730, 735, 738, 740, 756, 758, 759, 761, 777, 784, 786, 792, 797, 805, 806, 809, 812, 814, 822], "summary": {"covered_lines": 83, "num_statements": 90, "percent_covered": 92.22222222222223, "percent_covered_display": "92", "missing_lines": 7, "excluded_lines": 0, "percent_statements_covered": 92.22222222222223, "percent_statements_covered_display": "92"}, "missing_lines": [687, 711, 757, 779, 780, 781, 782], "excluded_lines": []}, "": {"executed_lines": [1, 27, 29, 30, 31, 32, 33, 35, 44, 53, 54, 55, 57, 58, 60, 61, 66, 67, 68, 70, 71, 72, 74, 75, 116, 117, 118, 120, 121, 122, 123, 124, 132, 133, 140, 141, 142, 146, 147, 148, 152, 153, 174, 195, 208, 209, 230, 249, 250, 253, 254, 257, 302, 326, 352, 357, 368, 369, 388, 409, 422, 423, 426, 427, 430, 473, 513, 526, 527, 528, 530, 531, 532, 533, 534, 535, 538, 539, 557, 580, 581, 585, 586, 590, 591, 595, 613, 659, 689, 767, 794, 820, 830, 859, 860, 866, 873, 882, 885, 898, 906, 907, 910], "summary": {"covered_lines": 93, "num_statements": 93, "percent_covered": 100.0, "percent_covered_display": "100", "missing_lines": 0, "excluded_lines": 5, "percent_statements_covered": 100.0, "percent_statements_covered_display": "100"}, "missing_lines": [], "excluded_lines": [44, 45, 145, 151, 173]}}}, "src/moss/synthesis/plugins/generators/placeholder.py": {"executed_lines": [1, 7, 9, 11, 20, 24, 25, 34, 35, 42, 43, 45, 47, 49, 51, 68, 69, 77, 78, 79, 87, 88, 90, 91, 93, 94, 95, 96, 98, 99, 100, 101, 103, 105, 107, 114, 116, 124], "summary": {"covered_lines": 35, "num_statements": 35, "percent_covered": 100.0, "percent_covered_display": "100", "missing_lines": 0, "excluded_lines": 2, "percent_statements_covered": 100.0, "percent_statements_covered_display": "100"}, "missing_lines": [], "excluded_lines": [20, 21], "functions": {"PlaceholderGenerator.__init__": {"executed_lines": [35], "summary": {"covered_lines": 1, "num_statements": 1, "percent_covered": 100.0, "percent_covered_display": "100", "missing_lines": 0, "excluded_lines": 0, "percent_statements_covered": 100.0, "percent_statements_covered_display": "100"}, "missing_lines": [], "excluded_lines": []}, "PlaceholderGenerator.metadata": {"executed_lines": [45], "summary": {"covered_lines": 1, "num_statements": 1, "percent_covered": 100.0, "percent_covered_display": "100", "missing_lines": 0, "excluded_lines": 0, "percent_statements_covered": 100.0, "percent_statements_covered_display": "100"}, "missing_lines": [], "excluded_lines": []}, "PlaceholderGenerator.can_generate": {"executed_lines": [49], "summary": {"covered_lines": 1, "num_statements": 1, "percent_covered": 100.0, "percent_covered_display": "100", "missing_lines": 0, "excluded_lines": 0, "percent_statements_covered": 100.0, "percent_statements_covered_display": "100"}, "missing_lines": [], "excluded_lines": []}, "PlaceholderGenerator.generate": {"executed_lines": [68, 69, 77, 78, 79, 87, 88, 90, 91, 93, 94, 95, 96, 98, 99, 100, 101, 103, 105, 107], "summary": {"covered_lines": 20, "num_statements": 20, "percent_covered": 100.0, "percent_covered_display": "100", "missing_lines": 0, "excluded_lines": 0, "percent_statements_covered": 100.0, "percent_statements_covered_display": "100"}, "missing_lines": [], "excluded_lines": []}, "PlaceholderGenerator.estimate_cost": {"executed_lines": [116], "summary": {"covered_lines": 1, "num_statements": 1, "percent_covered": 100.0, "percent_covered_display": "100", "missing_lines": 0, "excluded_lines": 0, "percent_statements_covered": 100.0, "percent_statements_covered_display": "100"}, "missing_lines": [], "excluded_lines": []}, "": {"executed_lines": [1, 7, 9, 11, 20, 24, 25, 34, 42, 43, 47, 51, 114, 124], "summary": {"covered_lines": 11, "num_statements": 11, "percent_covered": 100.0, "percent_covered_display": "100", "missing_lines": 0, "excluded_lines": 2, "percent_statements_covered": 100.0, "percent_statements_covered_display": "100"}, "missing_lines": [], "excluded_lines": [20, 21]}}, "classes": {"PlaceholderGenerator": {"executed_lines": [35, 45, 49, 68, 69, 77, 78, 79, 87, 88, 90, 91, 93, 94, 95, 96, 98, 99, 100, 101, 103, 105, 107, 116], "summary": {"covered_lines": 24, "num_statements": 24, "percent_covered": 100.0, "percent_covered_display": "100", "missing_lines": 0, "excluded_lines": 0, "percent_statements_covered": 100.0, "percent_statements_covered_display": "100"}, "missing_lines": [], "excluded_lines": []}, "": {"executed_lines": [1, 7, 9, 11, 20, 24, 25, 34, 42, 43, 47, 51, 114, 124], "summary": {"covered_lines": 11, "num_statements": 11, "percent_covered": 100.0, "percent_covered_display": "100", "missing_lines": 0, "excluded_lines": 2, "percent_statements_covered": 100.0, "percent_statements_covered_display": "100"}, "missing_lines": [], "excluded_lines": [20, 21]}}}, "src/moss/synthesis/plugins/generators/template.py": {"executed_lines": [1, 15, 17, 18, 19, 20, 22, 31, 40, 171, 189, 190, 204, 215, 216, 217, 218, 220, 227, 228, 230, 232, 234, 235, 238, 241, 246, 247, 251, 253, 255, 271, 273, 277, 279, 290, 292, 293, 294, 297, 298, 299, 302, 303, 304, 305, 308, 309, 310, 313, 319, 320, 321, 323, 325, 328, 331, 332, 333, 334, 337, 338, 341, 344, 346, 353, 356, 367, 371, 376, 
[...]
ing_lines": [], "excluded_lines": []}, "TypeDrivenDecomposition.metadata": {"executed_lines": [115], "summary": {"covered_lines": 1, "num_statements": 1, "percent_covered": 100.0, "percent_covered_display": "100", "missing_lines": 0, "excluded_lines": 0, "percent_statements_covered": 100.0, "percent_statements_covered_display": "100"}, "missing_lines": [], "excluded_lines": []}, "TypeDrivenDecomposition.can_handle": {"executed_lines": [131], "summary": {"covered_lines": 1, "num_statements": 1, "percent_covered": 100.0, "percent_covered_display": "100", "missing_lines": 0, "excluded_lines": 0, "percent_statements_covered": 100.0, "percent_statements_covered_display": "100"}, "missing_lines": [], "excluded_lines": []}, "TypeDrivenDecomposition.decompose": {"executed_lines": [139, 140, 142, 143, 146, 149, 153, 156, 159, 160, 162], "summary": {"covered_lines": 11, "num_statements": 13, "percent_covered": 84.61538461538461, "percent_covered_display": "85", "missing_lines": 2, "excluded_lines": 0, "percent_statements_covered": 84.61538461538461, "percent_statements_covered_display": "85"}, "missing_lines": [144, 150], "excluded_lines": []}, "TypeDrivenDecomposition.estimate_success": {"executed_lines": [166, 167, 169, 171, 172, 176, 177, 180, 181, 184, 188, 191], "summary": {"covered_lines": 12, "num_statements": 15, "percent_covered": 80.0, "percent_covered_display": "80", "missing_lines": 3, "excluded_lines": 0, "percent_statements_covered": 80.0, "percent_statements_covered_display": "80"}, "missing_lines": [173, 185, 189], "excluded_lines": []}, "TypeDrivenDecomposition._decompose_composite": {"executed_lines": [], "summary": {"covered_lines": 0, "num_statements": 7, "percent_covered": 0.0, "percent_covered_display": "0", "missing_lines": 7, "excluded_lines": 0, "percent_statements_covered": 0.0, "percent_statements_covered_display": "0"}, "missing_lines": [200, 203, 204, 205, 206, 211, 218], "excluded_lines": []}, "TypeDrivenDecomposition._decompose_collection_transform": {"executed_lines": [227, 230, 231, 233, 234, 235, 236, 238, 240, 242, 247, 255, 256, 257, 258, 263, 271], "summary": {"covered_lines": 17, "num_statements": 17, "percent_covered": 100.0, "percent_covered_display": "100", "missing_lines": 0, "excluded_lines": 0, "percent_statements_covered": 100.0, "percent_statements_covered_display": "100"}, "missing_lines": [], "excluded_lines": []}, "TypeDrivenDecomposition._can_decompose_via_intermediate": {"executed_lines": [280, 281, 284, 286, 288, 289, 290, 291, 293], "summary": {"covered_lines": 7, "num_statements": 9, "percent_covered": 77.77777777777777, "percent_covered_display": "78", "missing_lines": 2, "excluded_lines": 0, "percent_statements_covered": 77.77777777777777, "percent_statements_covered_display": "78"}, "missing_lines": [285, 294], "excluded_lines": []}, "TypeDrivenDecomposition._decompose_via_intermediate": {"executed_lines": [303, 304, 305, 306, 308, 311, 312, 313, 318, 319, 320, 321], "summary": {"covered_lines": 6, "num_statements": 9, "percent_covered": 66.66666666666667, "percent_covered_display": "67", "missing_lines": 3, "excluded_lines": 0, "percent_statements_covered": 66.66666666666667, "percent_statements_covered_display": "67"}, "missing_lines": [310, 326, 334], "excluded_lines": []}, "": {"executed_lines": [1, 7, 9, 10, 12, 13, 16, 17, 18, 20, 21, 22, 23, 26, 67, 80, 93, 99, 100, 113, 114, 129, 133, 164, 193, 220, 273, 295, 296], "summary": {"covered_lines": 25, "num_statements": 25, "percent_covered": 100.0, "percent_covered_display": "100", "missing_lines": 0, "excluded_lines": 0, "percent_statements_covered": 100.0, "percent_statements_covered_display": "100"}, "missing_lines": [], "excluded_lines": []}}, "classes": {"TypeInfo": {"executed_lines": [], "summary": {"covered_lines": 0, "num_statements": 0, "percent_covered": 100.0, "percent_covered_display": "100", "missing_lines": 0, "excluded_lines": 0, "percent_statements_covered": 100.0, "percent_statements_covered_display": "100"}, "missing_lines": [], "excluded_lines": []}, "TypeDrivenDecomposition": {"executed_lines": [115, 131, 139, 140, 142, 143, 146, 149, 153, 156, 159, 160, 162, 166, 167, 169, 171, 172, 176, 177, 180, 181, 184, 188, 191, 227, 230, 231, 233, 234, 235, 236, 238, 240, 242, 247, 255, 256, 257, 258, 263, 271, 280, 281, 284, 286, 288, 289, 290, 291, 293, 303, 304, 305, 306, 308, 311, 312, 313, 318, 319, 320, 321], "summary": {"covered_lines": 55, "num_statements": 72, "percent_covered": 76.38888888888889, "percent_covered_display": "76", "missing_lines": 17, "excluded_lines": 0, "percent_statements_covered": 76.38888888888889, "percent_statements_covered_display": "76"}, "missing_lines": [144, 150, 173, 185, 189, 200, 203, 204, 205, 206, 211, 218, 285, 294, 310, 326, 334], "excluded_lines": []}, "": {"executed_lines": [1, 7, 9, 10, 12, 13, 16, 17, 18, 20, 21, 22, 23, 26, 34, 35, 38, 39, 42, 43, 46, 47, 49, 50, 53, 56, 57, 59, 67, 69, 77, 80, 82, 90, 93, 95, 96, 99, 100, 113, 114, 129, 133, 164, 193, 220, 273, 295, 296], "summary": {"covered_lines": 45, "num_statements": 46, "percent_covered": 97.82608695652173, "percent_covered_display": "98", "missing_lines": 1, "excluded_lines": 0, "percent_statements_covered": 97.82608695652173, "percent_statements_covered_display": "98"}, "missing_lines": [40], "excluded_lines": []}}}, "src/moss/synthesis/strategy.py": {"executed_lines": [1, 7, 9, 10, 11, 13, 17, 18, 19, 21, 22, 23, 26, 27, 40, 41, 42, 46, 47, 49, 51, 52, 54, 56, 57, 59, 61, 62, 70, 71, 86, 87, 95, 97, 98, 101, 102, 108, 109, 110, 116, 119, 120, 121, 122, 125, 126, 129, 130, 134, 140, 142, 144, 145, 146, 147, 148], "summary": {"covered_lines": 52, "num_statements": 53, "percent_covered": 98.11320754716981, "percent_covered_display": "98", "missing_lines": 1, "excluded_lines": 10, "percent_statements_covered": 98.11320754716981, "percent_statements_covered_display": "98"}, "missing_lines": [132], "excluded_lines": [13, 14, 44, 45, 68, 69, 84, 85, 93, 94], "functions": {"DecompositionStrategy.metadata": {"executed_lines": [], "summary": {"covered_lines": 0, "num_statements": 0, "percent_covered": 100.0, "percent_covered_display": "100", "missing_lines": 0, "excluded_lines": 1, "percent_statements_covered": 100.0, "percent_statements_covered_display": "100"}, "missing_lines": [], "excluded_lines": [44]}, "DecompositionStrategy.name": {"executed_lines": [49], "summary": {"covered_lines": 1, "num_statements": 1, "percent_covered": 100.0, "percent_covered_display": "100", "missing_lines": 0, "excluded_lines": 0, "percent_statements_covered": 100.0, "percent_statements_covered_display": "100"}, "missing_lines": [], "excluded_lines": []}, "DecompositionStrategy.description": {"executed_lines": [54], "summary": {"covered_lines": 1, "num_statements": 1, "percent_covered": 100.0, "percent_covered_display": "100", "missing_lines": 0, "excluded_lines": 0, "percent_statements_covered": 100.0, "percent_statements_covered_display": "100"}, "missing_lines": [], "excluded_lines": []}, "DecompositionStrategy.keywords": {"executed_lines": [59], "summary": {"covered_lines": 1, "num_statements": 1, "percent_covered": 100.0, "percent_covered_display": "100", "missing_lines": 0, "excluded_lines": 0, "percent_statements_covered": 100.0, "percent_statements_covered_display": "100"}, "missing_lines": [], "excluded_lines": []}, "DecompositionStrategy.can_handle": {"executed_lines": [], "summary": {"covered_lines": 0, "num_statements": 0, "percent_covered": 100.0, "percent_covered_display": "100", "missing_lines": 0, "excluded_lines": 1, "percent_statements_covered": 100.0, "percent_statements_covered_display": "100"}, "missing_lines": [], "excluded_lines": [68]}, "DecompositionStrategy.decompose": {"executed_lines": [], "summary": {"covered_lines": 0, "num_statements": 0, "percent_covered": 100.0, "percent_covered_display": "100", "missing_lines": 0, "excluded_lines": 1, "percent_statements_covered": 100.0, "percent_statements_covered_display": "100"}, "missing_lines": [], "excluded_lines": [84]}, "DecompositionStrategy.estimate_success": {"executed_lines": [], "summary": {"covered_lines": 0, "num_statements": 0, "percent_covered": 100.0, "percent_covered_display": "100", "missing_lines": 0, "excluded_lines": 1, "percent_statements_covered": 100.0, "percent_statements_covered_display": "100"}, "missing_lines": [], "excluded_lines": [93]}, "DecompositionStrategy.document": {"executed_lines": [97, 98], "summary": {"covered_lines": 2, "num_statements": 2, "percent_covered": 100.0, "percent_covered_display": "100", "missing_lines": 0, "excluded_lines": 0, "percent_statements_covered": 100.0, "percent_statements_covered_display": "100"}, "missing_lines": [], "excluded_lines": []}, "AtomicStrategy.metadata": {"executed_lines": [110], "summary": {"covered_lines": 1, "num_statements": 1, "percent_covered": 100.0, "percent_covered_display": "100", "missing_lines": 0, "excluded_lines": 0, "percent_statements_covered": 100.0, "percent_statements_covered_display": "100"}, "missing_lines": [], "excluded_lines": []}, "AtomicStrategy.can_handle": {"executed_lines": [119, 120, 121, 122, 125, 126, 129, 130], "summary": {"covered_lines": 8, "num_statements": 9, "percent_covered": 88.88888888888889, "percent_covered_display": "89", "missing_lines": 1, "excluded_lines": 0, "percent_statements_covered": 88.88888888888889, "percent_statements_covered_display": "89"}, "missing_lines": [132], "excluded_lines": []}, "AtomicStrategy.decompose": {"executed_lines": [140], "summary": {"covered_lines": 1, "num_statements": 1, "percent_covered": 100.0, "percent_covered_display": "100", "missing_lines": 0, "excluded_lines": 0, "percent_statements_covered": 100.0, "percent_statements_covered_display": "100"}, "missing_lines": [], "excluded_lines": []}, "AtomicStrategy.estimate_success": {"executed_lines": [144, 145, 146, 147, 148], "summary": {"covered_lines": 5, "num_statements": 5, "percent_covered": 100.0, "percent_covered_display": "100", "missing_lines": 0, "excluded_lines": 0, "percent_statements_covered": 100.0, "percent_statements_covered_display": "100"}, "missing_lines": [], "excluded_lines": []}, "": {"executed_lines": [1, 7, 9, 10, 11, 13, 17, 18, 19, 21, 22, 23, 26, 27, 40, 41, 42, 46, 47, 51, 52, 56, 57, 61, 62, 70, 71, 86, 87, 95, 101, 102, 108, 109, 116, 134, 142], "summary": {"covered_lines": 32, "num_statements": 32, "percent_covered": 100.0, "percent_covered_display": "100", "missing_lines": 0, "excluded_lines": 6, "percent_statements_covered": 100.0, "percent_statements_covered_display": "100"}, "missing_lines": [], "excluded_lines": [13, 14, 45, 69, 85, 94]}}, "classes": {"StrategyMetadata": {"executed_lines": [], "summary": {"covered_lines": 0, "num_statements": 0, "percent_covered": 100.0, "percent_covered_display": "100", "missing_lines": 0, "excluded_lines": 0, "percent_statements_covered": 100.0, "percent_statements_covered_display": "100"}, "missing_lines": [], "excluded_lines": []}, "DecompositionStrategy": {"executed_lines": [49, 54, 59, 97, 98], "summary": {"covered_lines": 5, "num_statements": 5, "percent_covered": 100.0, "percent_covered_display": "100", "missing_lines": 0, "excluded_lines": 4, "percent_statements_covered": 100.0, "percent_statements_covered_display": "100"}, "missing_lines": [], "excluded_lines": [44, 68, 84, 93]}, "AtomicStrategy": {"executed_lines": [110, 119, 120, 121, 122, 125, 126, 129, 130, 140, 144, 145, 146, 147, 148], "summary": {"covered_lines": 15, "num_statements": 16, "percent_covered": 93.75, "percent_covered_display": "94", "missing_lines": 1, "excluded_lines": 0, "percent_statements_covered": 93.75, "percent_statements_covered_display": "94"}, "missing_lines": [132], "excluded_lines": []}, "": {"executed_lines": [1, 7, 9, 10, 11, 13, 17, 18, 19, 21, 22, 23, 26, 27, 40, 41, 42, 46, 47, 51, 52, 56, 57, 61, 62, 70, 71, 86, 87, 95, 101, 102, 108, 109, 116, 134, 142], "summary": {"covered_lines": 32, "num_statements": 32, "percent_covered": 100.0, "percent_covered_display": "100", "missing_lines": 0, "excluded_lines": 6, "percent_statements_covered": 100.0, "percent_statements_covered_display": "100"}, "missing_lines": [], "excluded_lines": [13, 14, 45, 69, 85, 94]}}}, "src/moss/synthesis/types.py": {"executed_lines": [1, 3, 5, 6, 9, 10, 11, 21, 22, 23, 24, 25, 26, 28, 30, 31, 33, 35, 44, 46, 56, 57, 58, 66, 67, 68, 70, 72, 73, 74, 80, 82, 83, 84, 85, 92, 93, 94, 103, 104, 105, 106, 108, 110, 111, 114, 115, 116, 122, 123, 124, 125, 126, 127, 128, 130, 131, 132, 133, 136, 137, 139, 140, 141, 142, 145, 146, 148, 151, 152, 154, 157, 158, 160, 163, 164, 166], "summary": {"covered_lines": 67, "num_statements": 67, "percent_covered": 100.0, "percent_covered_display": "100", "missing_lines": 0, "excluded_lines": 0, "percent_statements_covered": 100.0, "percent_statements_covered_display": "100"}, "missing_lines": [], "excluded_lines": [], "functions": {"Specification.summary": {"executed_lines": [30, 31], "summary": {"covered_lines": 2, "num_statements": 2, "percent_covered": 100.0, "percent_covered_display": "100", "missing_lines": 0, "excluded_lines": 0, "percent_statements_covered": 100.0, "percent_statements_covered_display": "100"}, "missing_lines": [], "excluded_lines": []}, "Specification.with_examples": {"executed_lines": [35], "summary": {"covered_lines": 1, "num_statements": 1, "percent_covered": 100.0, "percent_covered_display": "100", "missing_lines": 0, "excluded_lines": 0, "percent_statements_covered": 100.0, "percent_statements_covered_display": "100"}, "missing_lines": [], "excluded_lines": []}, "Specification.with_constraints": {"executed_lines": [46], "summary": {"covered_lines": 1, "num_statements": 1, "percent_covered": 100.0, "percent_covered_display": "100", "missing_lines": 0, "excluded_lines": 0, "percent_statements_covered": 100.0, "percent_statements_covered_display": "100"}, "missing_lines": [], "excluded_lines": []}, "Context.with_solved": {"executed_lines": [72, 73, 74], "summary": {"covered_lines": 3, "num_statements": 3, "percent_covered": 100.0, "percent_covered_display": "100", "missing_lines": 0, "excluded_lines": 0, "percent_statements_covered": 100.0, "percent_statements_covered_display": "100"}, "missing_lines": [], "excluded_lines": []}, "Context.extend": {"executed_lines": [82, 83, 84, 85], "summary": {"covered_lines": 4, "num_statements": 4, "percent_covered": 100.0, "percent_covered_display": "100", "missing_lines": 0, "excluded_lines": 0, "percent_statements_covered": 100.0, "percent_statements_covered_display": "100"}, "missing_lines": [], "excluded_lines": []}, "Subproblem.summary": {"executed_lines": [110, 111], "summary": {"covered_lines": 2, "num_statements": 2, "percent_covered": 100.0, "percent_covered_display": "100", "missing_lines": 0, "excluded_lines": 0, "percent_statements_covered": 100.0, "percent_statements_covered_display": "100"}, "missing_lines": [], "excluded_lines": []}, "SynthesisResult.__str__": {"executed_lines": [131, 132, 133], "summary": {"covered_lines": 3, "num_statements": 3, "percent_covered": 100.0, "percent_covered_display": "100", "missing_lines": 0, "excluded_lines": 0, "percent_statements_covered": 100.0, "percent_statements_covered_display": "100"}, "missing_lines": [], "excluded_lines": []}, "SynthesisError.__init__": {"executed_lines": [140, 141, 142], "summary": {"covered_lines": 3, "num_statements": 3, "percent_covered": 100.0, "percent_covered_display": "100", "missing_lines": 0, "excluded_lines": 0, "percent_statements_covered": 100.0, "percent_statements_covered_display": "100"}, "missing_lines": [], "excluded_lines": []}, "": {"executed_lines": [1, 3, 5, 6, 9, 10, 11, 21, 22, 23, 24, 25, 26, 28, 33, 44, 56, 57, 58, 66, 67, 68, 70, 80, 92, 93, 94, 103, 104, 105, 106, 108, 114, 115, 116, 122, 123, 124, 125, 126, 127, 128, 130, 136, 137, 139, 145, 146, 148, 151, 152, 154, 157, 158, 160, 163, 164, 166], "summary": {"covered_lines": 48, "num_statements": 48, "percent_covered": 100.0, "percent_covered_display": "100", "missing_lines": 0, "excluded_lines": 0, "percent_statements_covered": 100.0, "percent_statements_covered_display": "100"}, "missing_lines": [], "excluded_lines": []}}, "classes": {"Specification": {"executed_lines": [30, 31, 35, 46], "summary": {"covered_lines": 4, "num_statements": 4, "percent_covered": 100.0, "percent_covered_display": "100", "missing_lines": 0, "excluded_lines": 0, "percent_statements_covered": 100.0, "percent_statements_covered_display": "100"}, "missing_lines": [], "excluded_lines": []}, "Context": {"executed_lines": [72, 73, 74, 82, 83, 84, 85], "summary": {"covered_lines": 7, "num_statements": 7, "percent_covered": 100.0, "percent_covered_display": "100", "missing_lines": 0, "excluded_lines": 0, "percent_statements_covered": 100.0, "percent_statements_covered_display": "100"}, "missing_lines": [], "excluded_lines": []}, "Subproblem": {"executed_lines": [110, 111], "summary": {"covered_lines": 2, "num_statements": 2, "percent_covered": 100.0, "percent_covered_display": "100", "missing_lines": 0, "excluded_lines": 0, "percent_statements_covered": 100.0, "percent_statements_covered_display": "100"}, "missing_lines": [], "excluded_lines": []}, "SynthesisResult": {"executed_lines": [131, 132, 133], "summary": {"covered_lines": 3, "num_statements": 3, "percent_covered": 100.0, "percent_covered_display": "100", "missing_lines": 0, "excluded_lines": 0, "percent_statements_covered": 100.0, "percent_statements_covered_display": "100"}, "missing_lines": [], "excluded_lines": []}, "SynthesisError": {"executed_lines": [140, 141, 142], "summary": {"covered_lines": 3, "num_statements": 3, "percent_covered": 100.0, "percent_covered_display": "100", "missing_lines": 0, "excluded_lines": 0, "percent_statements_covered": 100.0, "percent_statements_covered_display": "100"}, "missing_lines": [], "excluded_lines": []}, "NoStrategyError": {"executed_lines": [], "summary": {"covered_lines": 0, "num_statements": 0, "percent_covered": 100.0, "percent_covered_display": "100", "missing_lines": 0, "excluded_lines": 0, "percent_statements_covered": 100.0, "percent_statements_covered_display": "100"}, "missing_lines": [], "excluded_lines": []}, "DecompositionError": {"executed_lines": [], "summary": {"covered_lines": 0, "num_statements": 0, "percent_covered": 100.0, "percent_covered_display": "100", "missing_lines": 0, "excluded_lines": 0, "percent_statements_covered": 100.0, "percent_statements_covered_display": "100"}, "missing_lines": [], "excluded_lines": []}, "CompositionError": {"executed_lines": [], "summary": {"covered_lines": 0, "num_statements": 0, "percent_covered": 100.0, "percent_covered_display": "100", "missing_lines": 0, "excluded_lines": 0, "percent_statements_covered": 100.0, "percent_statements_covered_display": "100"}, "missing_lines": [], "excluded_lines": []}, "ValidationError": {"executed_lines": [], "summary": {"covered_lines": 0, "num_statements": 0, "percent_covered": 100.0, "percent_covered_display": "100", "missing_lines": 0, "excluded_lines": 0, "percent_statements_covered": 100.0, "percent_statements_covered_display": "100"}, "missing_lines": [], "excluded_lines": []}, "": {"executed_lines": [1, 3, 5, 6, 9, 10, 11, 21, 22, 23, 24, 25, 26, 28, 33, 44, 56, 57, 58, 66, 67, 68, 70, 80, 92, 93, 94, 103, 104, 105, 106, 108, 114, 115, 116, 122, 123, 124, 125, 126, 127, 128, 130, 136, 137, 139, 145, 146, 148, 151, 152, 154, 157, 158, 160, 163, 164, 166], "summary": {"covered_lines": 48, "num_statements": 48, "percent_covered": 100.0, "percent_covered_display": "100", "missing_lines": 0, "excluded_lines": 0, "percent_statements_covered": 100.0, "percent_statements_covered_display": "100"}, "missing_lines": [], "excluded_lines": []}}}}, "totals": {"covered_lines": 2139, "num_statements": 2773, "percent_covered": 77.13667508113956, "percent_covered_display": "77", "missing_lines": 634, "excluded_lines": 101, "percent_statements_covered": 77.13667508113956, "percent_statements_covered_display": "77"}}